fold 1 / 5
writing test set seed 1 fold 1 / 5 ...
training model...
FOLD 001 STEP[1/47]	TRAIN [####......] [1/3] 49.91 % TP 58, TN 52, FP 13 , FN 5, MCC : 0
FOLD 001 STEP[2/47]	TRAIN [####......] [1/3] 50.05 % TP 0, TN 8, FP 59 , FN 61, MCC : 0
FOLD 001 STEP[3/47]	TRAIN [####......] [1/3] 49.769999999999996 % TP 63, TN 0, FP 65 , FN 0, MCC : 0
FOLD 001 STEP[4/47]	TRAIN [####......] [1/3] 50.79 % TP 0, TN 52, FP 19 , FN 57, MCC : 0
FOLD 001 STEP[5/47]	TRAIN [####......] [1/3] 50.739999999999995 % TP 0, TN 24, FP 42 , FN 62, MCC : 0
FOLD 001 STEP[6/47]	TRAIN [####......] [1/3] 50.62 % TP 3, TN 0, FP 64 , FN 61, MCC : 0
FOLD 001 STEP[7/47]	TRAIN [####......] [1/3] 50.529999999999994 % TP 7, TN 0, FP 64 , FN 57, MCC : 0
FOLD 001 STEP[8/47]	TRAIN [####......] [1/3] 50.43 % TP 1, TN 0, FP 68 , FN 59, MCC : 0
FOLD 001 STEP[9/47]	TRAIN [####......] [1/3] 50.31 % TP 0, TN 1, FP 56 , FN 71, MCC : 0
FOLD 001 STEP[10/47]	TRAIN [####......] [1/3] 50.28 % TP 0, TN 4, FP 62 , FN 62, MCC : 0
FOLD 001 STEP[11/47]	TRAIN [####......] [1/3] 50.11 % TP 1, TN 0, FP 75 , FN 52, MCC : 0
FOLD 001 STEP[12/47]	TRAIN [####......] [1/3] 50.09 % TP 2, TN 0, FP 66 , FN 60, MCC : 0
FOLD 001 STEP[13/47]	TRAIN [####......] [1/3] 49.94 % TP 1, TN 0, FP 76 , FN 51, MCC : 0
FOLD 001 STEP[14/47]	TRAIN [####......] [1/3] 49.94 % TP 2, TN 1, FP 64 , FN 61, MCC : 0
FOLD 001 STEP[15/47]	TRAIN [####......] [1/3] 49.94 % TP 1, TN 1, FP 62 , FN 64, MCC : 0
FOLD 001 STEP[16/47]	TRAIN [####......] [1/3] 49.95 % TP 0, TN 1, FP 63 , FN 64, MCC : 0
FOLD 001 STEP[17/47]	TRAIN [####......] [1/3] 49.95 % TP 0, TN 2, FP 63 , FN 63, MCC : 0
FOLD 001 STEP[18/47]	TRAIN [####......] [1/3] 49.93 % TP 0, TN 1, FP 58 , FN 69, MCC : 0
FOLD 001 STEP[19/47]	TRAIN [####......] [1/3] 49.94 % TP 0, TN 0, FP 66 , FN 62, MCC : 0
FOLD 001 STEP[20/47]	TRAIN [####......] [1/3] 49.89 % TP 2, TN 0, FP 54 , FN 72, MCC : 0
FOLD 001 STEP[21/47]	TRAIN [####......] [1/3] 49.87 % TP 3, TN 1, FP 69 , FN 55, MCC : 0
FOLD 001 STEP[22/47]	TRAIN [####......] [1/3] 49.81 % TP 1, TN 0, FP 53 , FN 74, MCC : 0
FOLD 001 STEP[23/47]	TRAIN [####......] [1/3] 49.81 % TP 0, TN 0, FP 69 , FN 59, MCC : 0
FOLD 001 STEP[24/47]	TRAIN [####......] [1/3] 49.81 % TP 0, TN 2, FP 60 , FN 66, MCC : 0
FOLD 001 STEP[25/47]	TRAIN [####......] [1/3] 49.82 % TP 0, TN 3, FP 65 , FN 60, MCC : 0
FOLD 001 STEP[26/47]	TRAIN [####......] [1/3] 49.82 % TP 0, TN 1, FP 63 , FN 64, MCC : 0
FOLD 001 STEP[27/47]	TRAIN [####......] [1/3] 49.82 % TP 0, TN 0, FP 69 , FN 59, MCC : 0
FOLD 001 STEP[28/47]	TRAIN [####......] [1/3] 49.82 % TP 1, TN 0, FP 68 , FN 59, MCC : 0
FOLD 001 STEP[29/47]	TRAIN [####......] [1/3] 49.82 % TP 0, TN 0, FP 62 , FN 66, MCC : 0
FOLD 001 STEP[30/47]	TRAIN [####......] [1/3] 49.82 % TP 0, TN 0, FP 67 , FN 61, MCC : 0
FOLD 001 STEP[31/47]	TRAIN [####......] [1/3] 49.830000000000005 % TP 0, TN 0, FP 61 , FN 67, MCC : 0
FOLD 001 STEP[32/47]	TRAIN [####......] [1/3] 49.79 % TP 1, TN 0, FP 74 , FN 53, MCC : 0
FOLD 001 STEP[33/47]	TRAIN [####......] [1/3] 49.79 % TP 0, TN 1, FP 65 , FN 62, MCC : 0
FOLD 001 STEP[34/47]	TRAIN [####......] [1/3] 49.8 % TP 0, TN 1, FP 62 , FN 65, MCC : 0
FOLD 001 STEP[35/47]	TRAIN [####......] [1/3] 49.79 % TP 0, TN 0, FP 71 , FN 57, MCC : 0
FOLD 001 STEP[36/47]	TRAIN [####......] [1/3] 49.79 % TP 0, TN 0, FP 65 , FN 63, MCC : 0
FOLD 001 STEP[37/47]	TRAIN [####......] [1/3] 49.8 % TP 0, TN 0, FP 62 , FN 66, MCC : 0
FOLD 001 STEP[38/47]	TRAIN [####......] [1/3] 49.8 % TP 0, TN 0, FP 62 , FN 66, MCC : 0
FOLD 001 STEP[39/47]	TRAIN [####......] [1/3] 49.8 % TP 0, TN 1, FP 59 , FN 68, MCC : 0
FOLD 001 STEP[40/47]	TRAIN [####......] [1/3] 49.79 % TP 0, TN 1, FP 71 , FN 56, MCC : 0
FOLD 001 STEP[41/47]	TRAIN [####......] [1/3] 49.79 % TP 0, TN 0, FP 59 , FN 69, MCC : 0
FOLD 001 STEP[42/47]	TRAIN [####......] [1/3] 49.79 % TP 0, TN 0, FP 60 , FN 68, MCC : 0
FOLD 001 STEP[43/47]	TRAIN [####......] [1/3] 49.79 % TP 0, TN 0, FP 59 , FN 69, MCC : 0
FOLD 001 STEP[44/47]	TRAIN [####......] [1/3] 49.79 % TP 0, TN 0, FP 66 , FN 62, MCC : 0
FOLD 001 STEP[45/47]	TRAIN [####......] [1/3] 49.79 % TP 0, TN 0, FP 62 , FN 66, MCC : 0
FOLD 001 STEP[46/47]	TRAIN [####......] [1/3] 49.769999999999996 % TP 0, TN 0, FP 74 , FN 54, MCC : 0
FOLD 001 STEP[47/47]	TRAIN [####......] [1/3] 49.76 % TP 0, TN 0, FP 16 , FN 21, MCC : 0
FOLD 001 STEP[1/47]	TRAIN [#######...] [2/3] 50.0 % TP 0, TN 0, FP 64 , FN 64, MCC : 0
FOLD 001 STEP[2/47]	TRAIN [#######...] [2/3] 50.0 % TP 0, TN 1, FP 64 , FN 63, MCC : 0
FOLD 001 STEP[3/47]	TRAIN [#######...] [2/3] 49.93 % TP 0, TN 0, FP 60 , FN 68, MCC : 0
FOLD 001 STEP[4/47]	TRAIN [#######...] [2/3] 49.87 % TP 0, TN 0, FP 59 , FN 69, MCC : 0
FOLD 001 STEP[5/47]	TRAIN [#######...] [2/3] 49.89 % TP 0, TN 0, FP 66 , FN 62, MCC : 0
FOLD 001 STEP[6/47]	TRAIN [#######...] [2/3] 49.85 % TP 0, TN 1, FP 58 , FN 69, MCC : 0
FOLD 001 STEP[7/47]	TRAIN [#######...] [2/3] 49.69 % TP 0, TN 0, FP 54 , FN 74, MCC : 0
FOLD 001 STEP[8/47]	TRAIN [#######...] [2/3] 49.72 % TP 0, TN 1, FP 61 , FN 66, MCC : 0
FOLD 001 STEP[9/47]	TRAIN [#######...] [2/3] 49.62 % TP 0, TN 0, FP 54 , FN 74, MCC : 0
FOLD 001 STEP[10/47]	TRAIN [#######...] [2/3] 49.65 % TP 0, TN 0, FP 61 , FN 67, MCC : 0
FOLD 001 STEP[11/47]	TRAIN [#######...] [2/3] 49.54 % TP 0, TN 0, FP 53 , FN 75, MCC : 0
FOLD 001 STEP[12/47]	TRAIN [#######...] [2/3] 49.57 % TP 0, TN 0, FP 60 , FN 68, MCC : 0
FOLD 001 STEP[13/47]	TRAIN [#######...] [2/3] 49.6 % TP 0, TN 0, FP 62 , FN 66, MCC : 0
FOLD 001 STEP[14/47]	TRAIN [#######...] [2/3] 49.62 % TP 0, TN 0, FP 67 , FN 61, MCC : 0
FOLD 001 STEP[15/47]	TRAIN [#######...] [2/3] 49.64 % TP 0, TN 0, FP 64 , FN 64, MCC : 0
FOLD 001 STEP[16/47]	TRAIN [#######...] [2/3] 49.66 % TP 0, TN 1, FP 65 , FN 62, MCC : 0
FOLD 001 STEP[17/47]	TRAIN [#######...] [2/3] 49.68 % TP 0, TN 0, FP 62 , FN 66, MCC : 0
FOLD 001 STEP[18/47]	TRAIN [#######...] [2/3] 49.63 % TP 0, TN 0, FP 74 , FN 54, MCC : 0
FOLD 001 STEP[19/47]	TRAIN [#######...] [2/3] 49.65 % TP 0, TN 0, FP 66 , FN 62, MCC : 0
FOLD 001 STEP[20/47]	TRAIN [#######...] [2/3] 49.66 % TP 0, TN 0, FP 64 , FN 64, MCC : 0
FOLD 001 STEP[21/47]	TRAIN [#######...] [2/3] 49.63 % TP 0, TN 0, FP 55 , FN 73, MCC : 0
FOLD 001 STEP[22/47]	TRAIN [#######...] [2/3] 49.53 % TP 0, TN 1, FP 78 , FN 49, MCC : 0
FOLD 001 STEP[23/47]	TRAIN [#######...] [2/3] 49.51 % TP 0, TN 0, FP 55 , FN 73, MCC : 0
FOLD 001 STEP[24/47]	TRAIN [#######...] [2/3] 49.53 % TP 0, TN 0, FP 67 , FN 61, MCC : 0
FOLD 001 STEP[25/47]	TRAIN [#######...] [2/3] 49.53 % TP 0, TN 0, FP 69 , FN 59, MCC : 0
FOLD 001 STEP[26/47]	TRAIN [#######...] [2/3] 49.55 % TP 0, TN 0, FP 66 , FN 62, MCC : 0
FOLD 001 STEP[27/47]	TRAIN [#######...] [2/3] 49.57 % TP 0, TN 1, FP 65 , FN 62, MCC : 0
FOLD 001 STEP[28/47]	TRAIN [#######...] [2/3] 49.58 % TP 0, TN 0, FP 64 , FN 64, MCC : 0
FOLD 001 STEP[29/47]	TRAIN [#######...] [2/3] 49.59 % TP 0, TN 0, FP 65 , FN 63, MCC : 0
FOLD 001 STEP[30/47]	TRAIN [#######...] [2/3] 49.58 % TP 0, TN 0, FP 55 , FN 73, MCC : 0
FOLD 001 STEP[31/47]	TRAIN [#######...] [2/3] 49.59 % TP 0, TN 0, FP 67 , FN 61, MCC : 0
FOLD 001 STEP[32/47]	TRAIN [#######...] [2/3] 49.6 % TP 0, TN 0, FP 66 , FN 62, MCC : 0
FOLD 001 STEP[33/47]	TRAIN [#######...] [2/3] 49.6 % TP 0, TN 0, FP 59 , FN 69, MCC : 0
FOLD 001 STEP[34/47]	TRAIN [#######...] [2/3] 49.61 % TP 0, TN 0, FP 62 , FN 66, MCC : 0
FOLD 001 STEP[35/47]	TRAIN [#######...] [2/3] 49.62 % TP 0, TN 0, FP 65 , FN 63, MCC : 0
FOLD 001 STEP[36/47]	TRAIN [#######...] [2/3] 49.6 % TP 0, TN 0, FP 54 , FN 74, MCC : 0
FOLD 001 STEP[37/47]	TRAIN [#######...] [2/3] 49.59 % TP 0, TN 0, FP 57 , FN 71, MCC : 0
FOLD 001 STEP[38/47]	TRAIN [#######...] [2/3] 49.6 % TP 0, TN 0, FP 68 , FN 60, MCC : 0
FOLD 001 STEP[39/47]	TRAIN [#######...] [2/3] 49.61 % TP 0, TN 0, FP 64 , FN 64, MCC : 0
FOLD 001 STEP[40/47]	TRAIN [#######...] [2/3] 49.62 % TP 0, TN 0, FP 67 , FN 61, MCC : 0
FOLD 001 STEP[41/47]	TRAIN [#######...] [2/3] 49.62 % TP 0, TN 0, FP 63 , FN 65, MCC : 0
FOLD 001 STEP[42/47]	TRAIN [#######...] [2/3] 49.63 % TP 0, TN 0, FP 59 , FN 69, MCC : 0
FOLD 001 STEP[43/47]	TRAIN [#######...] [2/3] 49.63 % TP 0, TN 0, FP 63 , FN 65, MCC : 0
FOLD 001 STEP[44/47]	TRAIN [#######...] [2/3] 49.64 % TP 0, TN 0, FP 66 , FN 62, MCC : 0
FOLD 001 STEP[45/47]	TRAIN [#######...] [2/3] 49.65 % TP 0, TN 0, FP 63 , FN 65, MCC : 0
FOLD 001 STEP[46/47]	TRAIN [#######...] [2/3] 49.64 % TP 0, TN 0, FP 71 , FN 57, MCC : 0
FOLD 001 STEP[47/47]	TRAIN [#######...] [2/3] 49.59 % TP 0, TN 0, FP 23 , FN 14, MCC : 0
FOLD 001 STEP[1/47]	TRAIN [##########] [3/3] 48.52 % TP 0, TN 0, FP 53 , FN 75, MCC : 0
FOLD 001 STEP[2/47]	TRAIN [##########] [3/3] 49.26 % TP 0, TN 0, FP 64 , FN 64, MCC : 0
FOLD 001 STEP[3/47]	TRAIN [##########] [3/3] 49.5 % TP 0, TN 0, FP 65 , FN 63, MCC : 0
FOLD 001 STEP[4/47]	TRAIN [##########] [3/3] 49.55 % TP 0, TN 0, FP 59 , FN 69, MCC : 0
FOLD 001 STEP[5/47]	TRAIN [##########] [3/3] 49.63 % TP 0, TN 0, FP 66 , FN 62, MCC : 0
FOLD 001 STEP[6/47]	TRAIN [##########] [3/3] 49.69 % TP 0, TN 0, FP 64 , FN 64, MCC : 0
FOLD 001 STEP[7/47]	TRAIN [##########] [3/3] 49.65 % TP 0, TN 0, FP 57 , FN 71, MCC : 0
FOLD 001 STEP[8/47]	TRAIN [##########] [3/3] 49.6 % TP 0, TN 0, FP 56 , FN 72, MCC : 0
FOLD 001 STEP[9/47]	TRAIN [##########] [3/3] 49.559999999999995 % TP 0, TN 0, FP 56 , FN 72, MCC : 0
FOLD 001 STEP[10/47]	TRAIN [##########] [3/3] 49.54 % TP 0, TN 0, FP 57 , FN 71, MCC : 0
FOLD 001 STEP[11/47]	TRAIN [##########] [3/3] 49.47 % TP 0, TN 0, FP 54 , FN 74, MCC : 0
FOLD 001 STEP[12/47]	TRAIN [##########] [3/3] 49.49 % TP 0, TN 0, FP 59 , FN 69, MCC : 0
FOLD 001 STEP[13/47]	TRAIN [##########] [3/3] 49.480000000000004 % TP 0, TN 0, FP 71 , FN 57, MCC : 0
FOLD 001 STEP[14/47]	TRAIN [##########] [3/3] 49.41 % TP 0, TN 0, FP 53 , FN 75, MCC : 0
FOLD 001 STEP[15/47]	TRAIN [##########] [3/3] 49.45 % TP 0, TN 1, FP 61 , FN 66, MCC : 0
FOLD 001 STEP[16/47]	TRAIN [##########] [3/3] 49.47 % TP 0, TN 0, FP 60 , FN 68, MCC : 0
FOLD 001 STEP[17/47]	TRAIN [##########] [3/3] 49.4 % TP 0, TN 0, FP 76 , FN 52, MCC : 0
FOLD 001 STEP[18/47]	TRAIN [##########] [3/3] 49.41 % TP 0, TN 0, FP 59 , FN 69, MCC : 0
FOLD 001 STEP[19/47]	TRAIN [##########] [3/3] 49.43 % TP 0, TN 1, FP 69 , FN 58, MCC : 0
FOLD 001 STEP[20/47]	TRAIN [##########] [3/3] 49.39 % TP 0, TN 0, FP 54 , FN 74, MCC : 0
FOLD 001 STEP[21/47]	TRAIN [##########] [3/3] 49.41 % TP 0, TN 0, FP 60 , FN 68, MCC : 0
FOLD 001 STEP[22/47]	TRAIN [##########] [3/3] 49.4 % TP 0, TN 0, FP 56 , FN 72, MCC : 0
FOLD 001 STEP[23/47]	TRAIN [##########] [3/3] 49.419999999999995 % TP 0, TN 0, FP 68 , FN 60, MCC : 0
FOLD 001 STEP[24/47]	TRAIN [##########] [3/3] 49.44 % TP 0, TN 0, FP 68 , FN 60, MCC : 0
FOLD 001 STEP[25/47]	TRAIN [##########] [3/3] 49.46 % TP 0, TN 0, FP 65 , FN 63, MCC : 0
FOLD 001 STEP[26/47]	TRAIN [##########] [3/3] 49.47 % TP 0, TN 0, FP 59 , FN 69, MCC : 0
FOLD 001 STEP[27/47]	TRAIN [##########] [3/3] 49.46 % TP 0, TN 0, FP 72 , FN 56, MCC : 0
FOLD 001 STEP[28/47]	TRAIN [##########] [3/3] 49.480000000000004 % TP 0, TN 0, FP 64 , FN 64, MCC : 0
FOLD 001 STEP[29/47]	TRAIN [##########] [3/3] 49.480000000000004 % TP 0, TN 1, FP 58 , FN 69, MCC : 0
FOLD 001 STEP[30/47]	TRAIN [##########] [3/3] 49.5 % TP 0, TN 0, FP 63 , FN 65, MCC : 0
FOLD 001 STEP[31/47]	TRAIN [##########] [3/3] 49.5 % TP 0, TN 0, FP 57 , FN 71, MCC : 0
FOLD 001 STEP[32/47]	TRAIN [##########] [3/3] 49.419999999999995 % TP 0, TN 0, FP 48 , FN 80, MCC : 0
FOLD 001 STEP[33/47]	TRAIN [##########] [3/3] 49.4 % TP 0, TN 0, FP 74 , FN 54, MCC : 0
FOLD 001 STEP[34/47]	TRAIN [##########] [3/3] 49.41 % TP 1, TN 0, FP 63 , FN 64, MCC : 0
FOLD 001 STEP[35/47]	TRAIN [##########] [3/3] 49.43 % TP 0, TN 0, FP 66 , FN 62, MCC : 0
FOLD 001 STEP[36/47]	TRAIN [##########] [3/3] 49.44 % TP 0, TN 0, FP 59 , FN 69, MCC : 0
FOLD 001 STEP[37/47]	TRAIN [##########] [3/3] 49.45 % TP 0, TN 0, FP 66 , FN 62, MCC : 0
FOLD 001 STEP[38/47]	TRAIN [##########] [3/3] 49.46 % TP 0, TN 0, FP 66 , FN 62, MCC : 0
FOLD 001 STEP[39/47]	TRAIN [##########] [3/3] 49.47 % TP 0, TN 1, FP 69 , FN 58, MCC : 0
FOLD 001 STEP[40/47]	TRAIN [##########] [3/3] 49.480000000000004 % TP 0, TN 0, FP 67 , FN 61, MCC : 0
FOLD 001 STEP[41/47]	TRAIN [##########] [3/3] 49.49 % TP 0, TN 0, FP 65 , FN 63, MCC : 0
FOLD 001 STEP[42/47]	TRAIN [##########] [3/3] 49.5 % TP 0, TN 0, FP 64 , FN 64, MCC : 0
FOLD 001 STEP[43/47]	TRAIN [##########] [3/3] 49.51 % TP 0, TN 0, FP 59 , FN 69, MCC : 0
FOLD 001 STEP[44/47]	TRAIN [##########] [3/3] 49.49 % TP 0, TN 0, FP 74 , FN 54, MCC : 0
FOLD 001 STEP[45/47]	TRAIN [##########] [3/3] 49.5 % TP 0, TN 0, FP 67 , FN 61, MCC : 0
FOLD 001 STEP[46/47]	TRAIN [##########] [3/3] 49.51 % TP 0, TN 0, FP 65 , FN 63, MCC : 0
FOLD 001 STEP[47/47]	TRAIN [##########] [3/3] 49.519999999999996 % TP 0, TN 0, FP 18 , FN 19, MCC : 0
fold 2 / 5
writing test set seed 1 fold 2 / 5 ...
training model...
FOLD 002 STEP[1/47]	TRAIN [####......] [1/3] 45.04 % TP 57, TN 6, FP 65 , FN 0, MCC : 0
FOLD 002 STEP[2/47]	TRAIN [####......] [1/3] 49.08 % TP 68, TN 0, FP 60 , FN 0, MCC : 0
FOLD 002 STEP[3/47]	TRAIN [####......] [1/3] 48.49 % TP 0, TN 51, FP 9 , FN 68, MCC : 0
FOLD 002 STEP[4/47]	TRAIN [####......] [1/3] 49.57 % TP 0, TN 61, FP 7 , FN 60, MCC : 0
FOLD 002 STEP[5/47]	TRAIN [####......] [1/3] 49.559999999999995 % TP 0, TN 3, FP 56 , FN 69, MCC : 0
FOLD 002 STEP[6/47]	TRAIN [####......] [1/3] 49.7 % TP 34, TN 0, FP 63 , FN 31, MCC : 0
FOLD 002 STEP[7/47]	TRAIN [####......] [1/3] 49.61 % TP 1, TN 0, FP 72 , FN 55, MCC : 0
FOLD 002 STEP[8/47]	TRAIN [####......] [1/3] 49.66 % TP 1, TN 2, FP 61 , FN 64, MCC : 0
FOLD 002 STEP[9/47]	TRAIN [####......] [1/3] 49.71 % TP 0, TN 8, FP 57 , FN 63, MCC : 0
FOLD 002 STEP[10/47]	TRAIN [####......] [1/3] 49.63 % TP 1, TN 0, FP 54 , FN 73, MCC : 0
FOLD 002 STEP[11/47]	TRAIN [####......] [1/3] 49.66 % TP 0, TN 0, FP 64 , FN 64, MCC : 0
FOLD 002 STEP[12/47]	TRAIN [####......] [1/3] 49.68 % TP 0, TN 0, FP 62 , FN 66, MCC : 0
FOLD 002 STEP[13/47]	TRAIN [####......] [1/3] 49.58 % TP 1, TN 0, FP 52 , FN 75, MCC : 0
FOLD 002 STEP[14/47]	TRAIN [####......] [1/3] 49.61 % TP 0, TN 1, FP 65 , FN 62, MCC : 0
FOLD 002 STEP[15/47]	TRAIN [####......] [1/3] 49.63 % TP 0, TN 1, FP 61 , FN 66, MCC : 0
FOLD 002 STEP[16/47]	TRAIN [####......] [1/3] 49.66 % TP 1, TN 0, FP 63 , FN 64, MCC : 0
FOLD 002 STEP[17/47]	TRAIN [####......] [1/3] 49.68 % TP 0, TN 1, FP 63 , FN 64, MCC : 0
FOLD 002 STEP[18/47]	TRAIN [####......] [1/3] 49.66 % TP 1, TN 0, FP 71 , FN 56, MCC : 0
FOLD 002 STEP[19/47]	TRAIN [####......] [1/3] 49.61 % TP 3, TN 0, FP 73 , FN 52, MCC : 0
FOLD 002 STEP[20/47]	TRAIN [####......] [1/3] 49.519999999999996 % TP 0, TN 0, FP 77 , FN 51, MCC : 0
FOLD 002 STEP[21/47]	TRAIN [####......] [1/3] 49.47 % TP 0, TN 1, FP 75 , FN 52, MCC : 0
FOLD 002 STEP[22/47]	TRAIN [####......] [1/3] 49.49 % TP 0, TN 2, FP 62 , FN 64, MCC : 0
FOLD 002 STEP[23/47]	TRAIN [####......] [1/3] 49.46 % TP 0, TN 3, FP 73 , FN 52, MCC : 0
FOLD 002 STEP[24/47]	TRAIN [####......] [1/3] 49.480000000000004 % TP 0, TN 0, FP 64 , FN 64, MCC : 0
FOLD 002 STEP[25/47]	TRAIN [####......] [1/3] 49.49 % TP 2, TN 0, FP 67 , FN 59, MCC : 0
FOLD 002 STEP[26/47]	TRAIN [####......] [1/3] 49.51 % TP 2, TN 0, FP 60 , FN 66, MCC : 0
FOLD 002 STEP[27/47]	TRAIN [####......] [1/3] 49.519999999999996 % TP 0, TN 0, FP 67 , FN 61, MCC : 0
FOLD 002 STEP[28/47]	TRAIN [####......] [1/3] 49.53 % TP 0, TN 0, FP 60 , FN 68, MCC : 0
FOLD 002 STEP[29/47]	TRAIN [####......] [1/3] 49.54 % TP 0, TN 0, FP 68 , FN 60, MCC : 0
FOLD 002 STEP[30/47]	TRAIN [####......] [1/3] 49.559999999999995 % TP 0, TN 1, FP 65 , FN 62, MCC : 0
FOLD 002 STEP[31/47]	TRAIN [####......] [1/3] 49.55 % TP 0, TN 0, FP 71 , FN 57, MCC : 0
FOLD 002 STEP[32/47]	TRAIN [####......] [1/3] 49.57 % TP 0, TN 1, FP 65 , FN 62, MCC : 0
FOLD 002 STEP[33/47]	TRAIN [####......] [1/3] 49.58 % TP 0, TN 0, FP 64 , FN 64, MCC : 0
FOLD 002 STEP[34/47]	TRAIN [####......] [1/3] 49.58 % TP 0, TN 0, FP 69 , FN 59, MCC : 0
FOLD 002 STEP[35/47]	TRAIN [####......] [1/3] 49.55 % TP 0, TN 1, FP 52 , FN 75, MCC : 0
FOLD 002 STEP[36/47]	TRAIN [####......] [1/3] 49.55 % TP 0, TN 0, FP 69 , FN 59, MCC : 0
FOLD 002 STEP[37/47]	TRAIN [####......] [1/3] 49.53 % TP 0, TN 0, FP 54 , FN 74, MCC : 0
FOLD 002 STEP[38/47]	TRAIN [####......] [1/3] 49.54 % TP 0, TN 0, FP 64 , FN 64, MCC : 0
FOLD 002 STEP[39/47]	TRAIN [####......] [1/3] 49.55 % TP 0, TN 0, FP 67 , FN 61, MCC : 0
FOLD 002 STEP[40/47]	TRAIN [####......] [1/3] 49.559999999999995 % TP 0, TN 0, FP 67 , FN 61, MCC : 0
FOLD 002 STEP[41/47]	TRAIN [####......] [1/3] 49.55 % TP 0, TN 0, FP 72 , FN 56, MCC : 0
FOLD 002 STEP[42/47]	TRAIN [####......] [1/3] 49.55 % TP 0, TN 0, FP 57 , FN 71, MCC : 0
FOLD 002 STEP[43/47]	TRAIN [####......] [1/3] 49.55 % TP 0, TN 0, FP 70 , FN 58, MCC : 0
FOLD 002 STEP[44/47]	TRAIN [####......] [1/3] 49.53 % TP 0, TN 0, FP 54 , FN 74, MCC : 0
FOLD 002 STEP[45/47]	TRAIN [####......] [1/3] 49.54 % TP 0, TN 0, FP 64 , FN 64, MCC : 0
FOLD 002 STEP[46/47]	TRAIN [####......] [1/3] 49.51 % TP 0, TN 0, FP 77 , FN 51, MCC : 0
FOLD 002 STEP[47/47]	TRAIN [####......] [1/3] 49.519999999999996 % TP 0, TN 0, FP 19 , FN 18, MCC : 0
FOLD 002 STEP[1/47]	TRAIN [#######...] [2/3] 49.89 % TP 0, TN 0, FP 67 , FN 61, MCC : 0
FOLD 002 STEP[2/47]	TRAIN [#######...] [2/3] 49.94 % TP 0, TN 0, FP 65 , FN 63, MCC : 0
FOLD 002 STEP[3/47]	TRAIN [#######...] [2/3] 49.86 % TP 0, TN 0, FP 69 , FN 59, MCC : 0
FOLD 002 STEP[4/47]	TRAIN [#######...] [2/3] 49.38 % TP 0, TN 0, FP 77 , FN 51, MCC : 0
FOLD 002 STEP[5/47]	TRAIN [#######...] [2/3] 49.480000000000004 % TP 0, TN 0, FP 67 , FN 61, MCC : 0
FOLD 002 STEP[6/47]	TRAIN [#######...] [2/3] 49.44 % TP 0, TN 2, FP 71 , FN 55, MCC : 0
FOLD 002 STEP[7/47]	TRAIN [#######...] [2/3] 49.49 % TP 0, TN 0, FP 60 , FN 68, MCC : 0
FOLD 002 STEP[8/47]	TRAIN [#######...] [2/3] 49.53 % TP 0, TN 0, FP 60 , FN 68, MCC : 0
FOLD 002 STEP[9/47]	TRAIN [#######...] [2/3] 49.58 % TP 0, TN 0, FP 64 , FN 64, MCC : 0
FOLD 002 STEP[10/47]	TRAIN [#######...] [2/3] 49.62 % TP 0, TN 0, FP 63 , FN 65, MCC : 0
FOLD 002 STEP[11/47]	TRAIN [#######...] [2/3] 49.65 % TP 0, TN 0, FP 62 , FN 66, MCC : 0
FOLD 002 STEP[12/47]	TRAIN [#######...] [2/3] 49.66 % TP 0, TN 0, FP 69 , FN 59, MCC : 0
FOLD 002 STEP[13/47]	TRAIN [#######...] [2/3] 49.68 % TP 0, TN 1, FP 64 , FN 63, MCC : 0
FOLD 002 STEP[14/47]	TRAIN [#######...] [2/3] 49.69 % TP 0, TN 0, FP 68 , FN 60, MCC : 0
FOLD 002 STEP[15/47]	TRAIN [#######...] [2/3] 49.7 % TP 0, TN 0, FP 60 , FN 68, MCC : 0
FOLD 002 STEP[16/47]	TRAIN [#######...] [2/3] 49.64 % TP 0, TN 0, FP 74 , FN 54, MCC : 0
FOLD 002 STEP[17/47]	TRAIN [#######...] [2/3] 49.66 % TP 0, TN 0, FP 65 , FN 63, MCC : 0
FOLD 002 STEP[18/47]	TRAIN [#######...] [2/3] 49.61 % TP 0, TN 0, FP 74 , FN 54, MCC : 0
FOLD 002 STEP[19/47]	TRAIN [#######...] [2/3] 49.63 % TP 0, TN 0, FP 65 , FN 63, MCC : 0
FOLD 002 STEP[20/47]	TRAIN [#######...] [2/3] 49.65 % TP 0, TN 0, FP 62 , FN 66, MCC : 0
FOLD 002 STEP[21/47]	TRAIN [#######...] [2/3] 49.66 % TP 0, TN 0, FP 63 , FN 65, MCC : 0
FOLD 002 STEP[22/47]	TRAIN [#######...] [2/3] 49.669999999999995 % TP 0, TN 0, FP 67 , FN 61, MCC : 0
FOLD 002 STEP[23/47]	TRAIN [#######...] [2/3] 49.68 % TP 0, TN 0, FP 59 , FN 69, MCC : 0
FOLD 002 STEP[24/47]	TRAIN [#######...] [2/3] 49.69 % TP 0, TN 0, FP 66 , FN 62, MCC : 0
FOLD 002 STEP[25/47]	TRAIN [#######...] [2/3] 49.69 % TP 0, TN 1, FP 69 , FN 58, MCC : 0
FOLD 002 STEP[26/47]	TRAIN [#######...] [2/3] 49.69 % TP 0, TN 0, FP 69 , FN 59, MCC : 0
FOLD 002 STEP[27/47]	TRAIN [#######...] [2/3] 49.69 % TP 0, TN 0, FP 68 , FN 60, MCC : 0
FOLD 002 STEP[28/47]	TRAIN [#######...] [2/3] 49.69 % TP 0, TN 0, FP 59 , FN 69, MCC : 0
FOLD 002 STEP[29/47]	TRAIN [#######...] [2/3] 49.69 % TP 0, TN 0, FP 70 , FN 58, MCC : 0
FOLD 002 STEP[30/47]	TRAIN [#######...] [2/3] 49.68 % TP 0, TN 0, FP 57 , FN 71, MCC : 0
FOLD 002 STEP[31/47]	TRAIN [#######...] [2/3] 49.669999999999995 % TP 0, TN 0, FP 57 , FN 71, MCC : 0
FOLD 002 STEP[32/47]	TRAIN [#######...] [2/3] 49.61 % TP 0, TN 0, FP 77 , FN 51, MCC : 0
FOLD 002 STEP[33/47]	TRAIN [#######...] [2/3] 49.62 % TP 0, TN 0, FP 64 , FN 64, MCC : 0
FOLD 002 STEP[34/47]	TRAIN [#######...] [2/3] 49.61 % TP 0, TN 0, FP 55 , FN 73, MCC : 0
FOLD 002 STEP[35/47]	TRAIN [#######...] [2/3] 49.61 % TP 0, TN 0, FP 58 , FN 70, MCC : 0
FOLD 002 STEP[36/47]	TRAIN [#######...] [2/3] 49.61 % TP 0, TN 1, FP 67 , FN 60, MCC : 0
FOLD 002 STEP[37/47]	TRAIN [#######...] [2/3] 49.61 % TP 0, TN 0, FP 69 , FN 59, MCC : 0
FOLD 002 STEP[38/47]	TRAIN [#######...] [2/3] 49.62 % TP 0, TN 0, FP 61 , FN 67, MCC : 0
FOLD 002 STEP[39/47]	TRAIN [#######...] [2/3] 49.63 % TP 0, TN 0, FP 62 , FN 66, MCC : 0
FOLD 002 STEP[40/47]	TRAIN [#######...] [2/3] 49.64 % TP 0, TN 0, FP 66 , FN 62, MCC : 0
FOLD 002 STEP[41/47]	TRAIN [#######...] [2/3] 49.65 % TP 0, TN 0, FP 62 , FN 66, MCC : 0
FOLD 002 STEP[42/47]	TRAIN [#######...] [2/3] 49.65 % TP 0, TN 0, FP 62 , FN 66, MCC : 0
FOLD 002 STEP[43/47]	TRAIN [#######...] [2/3] 49.66 % TP 0, TN 0, FP 60 , FN 68, MCC : 0
FOLD 002 STEP[44/47]	TRAIN [#######...] [2/3] 49.65 % TP 0, TN 0, FP 70 , FN 58, MCC : 0
FOLD 002 STEP[45/47]	TRAIN [#######...] [2/3] 49.66 % TP 0, TN 0, FP 64 , FN 64, MCC : 0
FOLD 002 STEP[46/47]	TRAIN [#######...] [2/3] 49.66 % TP 0, TN 0, FP 69 , FN 59, MCC : 0
FOLD 002 STEP[47/47]	TRAIN [#######...] [2/3] 49.65 % TP 0, TN 0, FP 21 , FN 16, MCC : 0
FOLD 002 STEP[1/47]	TRAIN [##########] [3/3] 48.24 % TP 0, TN 0, FP 52 , FN 76, MCC : 0
FOLD 002 STEP[2/47]	TRAIN [##########] [3/3] 48.9 % TP 0, TN 0, FP 70 , FN 58, MCC : 0
FOLD 002 STEP[3/47]	TRAIN [##########] [3/3] 49.2 % TP 0, TN 0, FP 60 , FN 68, MCC : 0
FOLD 002 STEP[4/47]	TRAIN [##########] [3/3] 49.4 % TP 0, TN 0, FP 63 , FN 65, MCC : 0
FOLD 002 STEP[5/47]	TRAIN [##########] [3/3] 49.5 % TP 0, TN 0, FP 61 , FN 67, MCC : 0
FOLD 002 STEP[6/47]	TRAIN [##########] [3/3] 49.58 % TP 0, TN 0, FP 64 , FN 64, MCC : 0
FOLD 002 STEP[7/47]	TRAIN [##########] [3/3] 49.63 % TP 0, TN 0, FP 61 , FN 67, MCC : 0
FOLD 002 STEP[8/47]	TRAIN [##########] [3/3] 49.519999999999996 % TP 0, TN 0, FP 74 , FN 54, MCC : 0
FOLD 002 STEP[9/47]	TRAIN [##########] [3/3] 49.519999999999996 % TP 0, TN 0, FP 70 , FN 58, MCC : 0
FOLD 002 STEP[10/47]	TRAIN [##########] [3/3] 49.559999999999995 % TP 0, TN 0, FP 67 , FN 61, MCC : 0
FOLD 002 STEP[11/47]	TRAIN [##########] [3/3] 49.6 % TP 0, TN 0, FP 66 , FN 62, MCC : 0
FOLD 002 STEP[12/47]	TRAIN [##########] [3/3] 49.63 % TP 0, TN 0, FP 65 , FN 63, MCC : 0
FOLD 002 STEP[13/47]	TRAIN [##########] [3/3] 49.64 % TP 0, TN 0, FP 68 , FN 60, MCC : 0
FOLD 002 STEP[14/47]	TRAIN [##########] [3/3] 49.66 % TP 0, TN 1, FP 61 , FN 66, MCC : 0
FOLD 002 STEP[15/47]	TRAIN [##########] [3/3] 49.68 % TP 0, TN 0, FP 67 , FN 61, MCC : 0
FOLD 002 STEP[16/47]	TRAIN [##########] [3/3] 49.69 % TP 0, TN 0, FP 61 , FN 67, MCC : 0
FOLD 002 STEP[17/47]	TRAIN [##########] [3/3] 49.7 % TP 0, TN 0, FP 61 , FN 67, MCC : 0
FOLD 002 STEP[18/47]	TRAIN [##########] [3/3] 49.72 % TP 0, TN 0, FP 62 , FN 66, MCC : 0
FOLD 002 STEP[19/47]	TRAIN [##########] [3/3] 49.69 % TP 0, TN 0, FP 56 , FN 72, MCC : 0
FOLD 002 STEP[20/47]	TRAIN [##########] [3/3] 49.69 % TP 0, TN 0, FP 69 , FN 59, MCC : 0
FOLD 002 STEP[21/47]	TRAIN [##########] [3/3] 49.7 % TP 0, TN 0, FP 61 , FN 67, MCC : 0
FOLD 002 STEP[22/47]	TRAIN [##########] [3/3] 49.69 % TP 0, TN 0, FP 58 , FN 70, MCC : 0
FOLD 002 STEP[23/47]	TRAIN [##########] [3/3] 49.69 % TP 0, TN 0, FP 59 , FN 69, MCC : 0
FOLD 002 STEP[24/47]	TRAIN [##########] [3/3] 49.7 % TP 0, TN 0, FP 68 , FN 60, MCC : 0
FOLD 002 STEP[25/47]	TRAIN [##########] [3/3] 49.69 % TP 0, TN 0, FP 58 , FN 70, MCC : 0
FOLD 002 STEP[26/47]	TRAIN [##########] [3/3] 49.7 % TP 0, TN 0, FP 67 , FN 61, MCC : 0
FOLD 002 STEP[27/47]	TRAIN [##########] [3/3] 49.7 % TP 0, TN 0, FP 70 , FN 58, MCC : 0
FOLD 002 STEP[28/47]	TRAIN [##########] [3/3] 49.7 % TP 0, TN 0, FP 68 , FN 60, MCC : 0
FOLD 002 STEP[29/47]	TRAIN [##########] [3/3] 49.71 % TP 0, TN 0, FP 65 , FN 63, MCC : 0
FOLD 002 STEP[30/47]	TRAIN [##########] [3/3] 49.69 % TP 0, TN 0, FP 72 , FN 56, MCC : 0
FOLD 002 STEP[31/47]	TRAIN [##########] [3/3] 49.7 % TP 0, TN 0, FP 67 , FN 61, MCC : 0
FOLD 002 STEP[32/47]	TRAIN [##########] [3/3] 49.66 % TP 0, TN 0, FP 75 , FN 53, MCC : 0
FOLD 002 STEP[33/47]	TRAIN [##########] [3/3] 49.669999999999995 % TP 0, TN 0, FP 64 , FN 64, MCC : 0
FOLD 002 STEP[34/47]	TRAIN [##########] [3/3] 49.66 % TP 0, TN 0, FP 71 , FN 57, MCC : 0
FOLD 002 STEP[35/47]	TRAIN [##########] [3/3] 49.669999999999995 % TP 0, TN 0, FP 67 , FN 61, MCC : 0
FOLD 002 STEP[36/47]	TRAIN [##########] [3/3] 49.66 % TP 0, TN 0, FP 56 , FN 72, MCC : 0
FOLD 002 STEP[37/47]	TRAIN [##########] [3/3] 49.64 % TP 0, TN 0, FP 73 , FN 55, MCC : 0
FOLD 002 STEP[38/47]	TRAIN [##########] [3/3] 49.65 % TP 0, TN 0, FP 67 , FN 61, MCC : 0
FOLD 002 STEP[39/47]	TRAIN [##########] [3/3] 49.65 % TP 0, TN 0, FP 68 , FN 60, MCC : 0
FOLD 002 STEP[40/47]	TRAIN [##########] [3/3] 49.65 % TP 0, TN 0, FP 71 , FN 57, MCC : 0
FOLD 002 STEP[41/47]	TRAIN [##########] [3/3] 49.64 % TP 0, TN 0, FP 71 , FN 57, MCC : 0
FOLD 002 STEP[42/47]	TRAIN [##########] [3/3] 49.64 % TP 0, TN 0, FP 58 , FN 70, MCC : 0
FOLD 002 STEP[43/47]	TRAIN [##########] [3/3] 49.64 % TP 0, TN 0, FP 70 , FN 58, MCC : 0
FOLD 002 STEP[44/47]	TRAIN [##########] [3/3] 49.64 % TP 0, TN 0, FP 68 , FN 60, MCC : 0
FOLD 002 STEP[45/47]	TRAIN [##########] [3/3] 49.64 % TP 0, TN 0, FP 59 , FN 69, MCC : 0
FOLD 002 STEP[46/47]	TRAIN [##########] [3/3] 49.65 % TP 0, TN 0, FP 63 , FN 65, MCC : 0
FOLD 002 STEP[47/47]	TRAIN [##########] [3/3] 49.64 % TP 0, TN 0, FP 16 , FN 21, MCC : 0
fold 3 / 5
writing test set seed 1 fold 3 / 5 ...
training model...
FOLD 003 STEP[1/47]	TRAIN [####......] [1/3] 51.24999999999999 % TP 1, TN 54, FP 12 , FN 61, MCC : 0
FOLD 003 STEP[2/47]	TRAIN [####......] [1/3] 50.529999999999994 % TP 2, TN 0, FP 67 , FN 59, MCC : 0
FOLD 003 STEP[3/47]	TRAIN [####......] [1/3] 50.07 % TP 0, TN 3, FP 71 , FN 54, MCC : 0
FOLD 003 STEP[4/47]	TRAIN [####......] [1/3] 50.05 % TP 64, TN 0, FP 64 , FN 0, MCC : 0
FOLD 003 STEP[5/47]	TRAIN [####......] [1/3] 50.1 % TP 0, TN 10, FP 58 , FN 60, MCC : 0
FOLD 003 STEP[6/47]	TRAIN [####......] [1/3] 49.75 % TP 0, TN 37, FP 23 , FN 68, MCC : 0
FOLD 003 STEP[7/47]	TRAIN [####......] [1/3] 49.81 % TP 0, TN 13, FP 52 , FN 63, MCC : 0
FOLD 003 STEP[8/47]	TRAIN [####......] [1/3] 49.82 % TP 0, TN 0, FP 67 , FN 61, MCC : 0
FOLD 003 STEP[9/47]	TRAIN [####......] [1/3] 49.86 % TP 16, TN 0, FP 63 , FN 49, MCC : 0
FOLD 003 STEP[10/47]	TRAIN [####......] [1/3] 49.86 % TP 1, TN 0, FP 67 , FN 60, MCC : 0
FOLD 003 STEP[11/47]	TRAIN [####......] [1/3] 49.82 % TP 0, TN 2, FP 70 , FN 56, MCC : 0
FOLD 003 STEP[12/47]	TRAIN [####......] [1/3] 49.830000000000005 % TP 0, TN 2, FP 63 , FN 63, MCC : 0
FOLD 003 STEP[13/47]	TRAIN [####......] [1/3] 49.85 % TP 0, TN 2, FP 62 , FN 64, MCC : 0
FOLD 003 STEP[14/47]	TRAIN [####......] [1/3] 49.830000000000005 % TP 0, TN 2, FP 69 , FN 57, MCC : 0
FOLD 003 STEP[15/47]	TRAIN [####......] [1/3] 49.84 % TP 0, TN 1, FP 63 , FN 64, MCC : 0
FOLD 003 STEP[16/47]	TRAIN [####......] [1/3] 49.82 % TP 1, TN 0, FP 57 , FN 70, MCC : 0
FOLD 003 STEP[17/47]	TRAIN [####......] [1/3] 49.82 % TP 2, TN 0, FP 59 , FN 67, MCC : 0
FOLD 003 STEP[18/47]	TRAIN [####......] [1/3] 49.830000000000005 % TP 1, TN 0, FP 65 , FN 62, MCC : 0
FOLD 003 STEP[19/47]	TRAIN [####......] [1/3] 49.830000000000005 % TP 0, TN 0, FP 66 , FN 62, MCC : 0
FOLD 003 STEP[20/47]	TRAIN [####......] [1/3] 49.78 % TP 0, TN 0, FP 74 , FN 54, MCC : 0
FOLD 003 STEP[21/47]	TRAIN [####......] [1/3] 49.79 % TP 1, TN 0, FP 65 , FN 62, MCC : 0
FOLD 003 STEP[22/47]	TRAIN [####......] [1/3] 49.76 % TP 0, TN 0, FP 72 , FN 56, MCC : 0
FOLD 003 STEP[23/47]	TRAIN [####......] [1/3] 49.71 % TP 2, TN 2, FP 73 , FN 51, MCC : 0
FOLD 003 STEP[24/47]	TRAIN [####......] [1/3] 49.72 % TP 0, TN 0, FP 63 , FN 65, MCC : 0
FOLD 003 STEP[25/47]	TRAIN [####......] [1/3] 49.730000000000004 % TP 0, TN 0, FP 61 , FN 67, MCC : 0
FOLD 003 STEP[26/47]	TRAIN [####......] [1/3] 49.7 % TP 0, TN 1, FP 73 , FN 54, MCC : 0
FOLD 003 STEP[27/47]	TRAIN [####......] [1/3] 49.7 % TP 0, TN 0, FP 66 , FN 62, MCC : 0
FOLD 003 STEP[28/47]	TRAIN [####......] [1/3] 49.68 % TP 0, TN 1, FP 55 , FN 72, MCC : 0
FOLD 003 STEP[29/47]	TRAIN [####......] [1/3] 49.69 % TP 1, TN 0, FP 65 , FN 62, MCC : 0
FOLD 003 STEP[30/47]	TRAIN [####......] [1/3] 49.68 % TP 0, TN 0, FP 56 , FN 72, MCC : 0
FOLD 003 STEP[31/47]	TRAIN [####......] [1/3] 49.63 % TP 1, TN 1, FP 51 , FN 75, MCC : 0
FOLD 003 STEP[32/47]	TRAIN [####......] [1/3] 49.63 % TP 0, TN 0, FP 69 , FN 59, MCC : 0
FOLD 003 STEP[33/47]	TRAIN [####......] [1/3] 49.64 % TP 0, TN 0, FP 69 , FN 59, MCC : 0
FOLD 003 STEP[34/47]	TRAIN [####......] [1/3] 49.6 % TP 1, TN 0, FP 75 , FN 52, MCC : 0
FOLD 003 STEP[35/47]	TRAIN [####......] [1/3] 49.58 % TP 4, TN 0, FP 71 , FN 53, MCC : 0
FOLD 003 STEP[36/47]	TRAIN [####......] [1/3] 49.59 % TP 0, TN 0, FP 59 , FN 69, MCC : 0
FOLD 003 STEP[37/47]	TRAIN [####......] [1/3] 49.59 % TP 0, TN 0, FP 59 , FN 69, MCC : 0
FOLD 003 STEP[38/47]	TRAIN [####......] [1/3] 49.58 % TP 0, TN 0, FP 57 , FN 71, MCC : 0
FOLD 003 STEP[39/47]	TRAIN [####......] [1/3] 49.6 % TP 0, TN 1, FP 64 , FN 63, MCC : 0
FOLD 003 STEP[40/47]	TRAIN [####......] [1/3] 49.57 % TP 0, TN 3, FP 51 , FN 74, MCC : 0
FOLD 003 STEP[41/47]	TRAIN [####......] [1/3] 49.58 % TP 0, TN 0, FP 63 , FN 65, MCC : 0
FOLD 003 STEP[42/47]	TRAIN [####......] [1/3] 49.59 % TP 0, TN 1, FP 65 , FN 62, MCC : 0
FOLD 003 STEP[43/47]	TRAIN [####......] [1/3] 49.59 % TP 0, TN 0, FP 63 , FN 65, MCC : 0
FOLD 003 STEP[44/47]	TRAIN [####......] [1/3] 49.6 % TP 0, TN 0, FP 63 , FN 65, MCC : 0
FOLD 003 STEP[45/47]	TRAIN [####......] [1/3] 49.61 % TP 1, TN 0, FP 59 , FN 68, MCC : 0
FOLD 003 STEP[46/47]	TRAIN [####......] [1/3] 49.61 % TP 0, TN 0, FP 69 , FN 59, MCC : 0
FOLD 003 STEP[47/47]	TRAIN [####......] [1/3] 49.62 % TP 0, TN 0, FP 18 , FN 19, MCC : 0
FOLD 003 STEP[1/47]	TRAIN [#######...] [2/3] 49.99 % TP 0, TN 0, FP 63 , FN 65, MCC : 0
FOLD 003 STEP[2/47]	TRAIN [#######...] [2/3] 49.99 % TP 0, TN 0, FP 64 , FN 64, MCC : 0
FOLD 003 STEP[3/47]	TRAIN [#######...] [2/3] 49.93 % TP 0, TN 0, FP 60 , FN 68, MCC : 0
FOLD 003 STEP[4/47]	TRAIN [#######...] [2/3] 49.95 % TP 0, TN 0, FP 64 , FN 64, MCC : 0
FOLD 003 STEP[5/47]	TRAIN [#######...] [2/3] 49.96 % TP 0, TN 0, FP 65 , FN 63, MCC : 0
FOLD 003 STEP[6/47]	TRAIN [#######...] [2/3] 49.94 % TP 0, TN 1, FP 67 , FN 60, MCC : 0
FOLD 003 STEP[7/47]	TRAIN [#######...] [2/3] 49.93 % TP 0, TN 0, FP 61 , FN 67, MCC : 0
FOLD 003 STEP[8/47]	TRAIN [#######...] [2/3] 49.94 % TP 0, TN 0, FP 65 , FN 63, MCC : 0
FOLD 003 STEP[9/47]	TRAIN [#######...] [2/3] 49.91 % TP 0, TN 1, FP 58 , FN 69, MCC : 0
FOLD 003 STEP[10/47]	TRAIN [#######...] [2/3] 49.91 % TP 0, TN 0, FP 63 , FN 65, MCC : 0
FOLD 003 STEP[11/47]	TRAIN [#######...] [2/3] 49.91 % TP 0, TN 0, FP 61 , FN 67, MCC : 0
FOLD 003 STEP[12/47]	TRAIN [#######...] [2/3] 49.89 % TP 0, TN 0, FP 59 , FN 69, MCC : 0
FOLD 003 STEP[13/47]	TRAIN [#######...] [2/3] 49.89 % TP 0, TN 0, FP 67 , FN 61, MCC : 0
FOLD 003 STEP[14/47]	TRAIN [#######...] [2/3] 49.9 % TP 0, TN 0, FP 62 , FN 66, MCC : 0
FOLD 003 STEP[15/47]	TRAIN [#######...] [2/3] 49.87 % TP 0, TN 0, FP 58 , FN 70, MCC : 0
FOLD 003 STEP[16/47]	TRAIN [#######...] [2/3] 49.86 % TP 0, TN 0, FP 58 , FN 70, MCC : 0
FOLD 003 STEP[17/47]	TRAIN [#######...] [2/3] 49.84 % TP 0, TN 0, FP 70 , FN 58, MCC : 0
FOLD 003 STEP[18/47]	TRAIN [#######...] [2/3] 49.84 % TP 0, TN 0, FP 60 , FN 68, MCC : 0
FOLD 003 STEP[19/47]	TRAIN [#######...] [2/3] 49.830000000000005 % TP 0, TN 0, FP 59 , FN 69, MCC : 0
FOLD 003 STEP[20/47]	TRAIN [#######...] [2/3] 49.81 % TP 0, TN 0, FP 57 , FN 71, MCC : 0
FOLD 003 STEP[21/47]	TRAIN [#######...] [2/3] 49.730000000000004 % TP 0, TN 0, FP 52 , FN 76, MCC : 0
FOLD 003 STEP[22/47]	TRAIN [#######...] [2/3] 49.730000000000004 % TP 0, TN 0, FP 59 , FN 69, MCC : 0
FOLD 003 STEP[23/47]	TRAIN [#######...] [2/3] 49.71 % TP 0, TN 0, FP 56 , FN 72, MCC : 0
FOLD 003 STEP[24/47]	TRAIN [#######...] [2/3] 49.7 % TP 0, TN 0, FP 57 , FN 71, MCC : 0
FOLD 003 STEP[25/47]	TRAIN [#######...] [2/3] 49.7 % TP 0, TN 0, FP 59 , FN 69, MCC : 0
FOLD 003 STEP[26/47]	TRAIN [#######...] [2/3] 49.71 % TP 0, TN 0, FP 65 , FN 63, MCC : 0
FOLD 003 STEP[27/47]	TRAIN [#######...] [2/3] 49.72 % TP 0, TN 0, FP 66 , FN 62, MCC : 0
FOLD 003 STEP[28/47]	TRAIN [#######...] [2/3] 49.72 % TP 0, TN 0, FP 69 , FN 59, MCC : 0
FOLD 003 STEP[29/47]	TRAIN [#######...] [2/3] 49.72 % TP 0, TN 0, FP 60 , FN 68, MCC : 0
FOLD 003 STEP[30/47]	TRAIN [#######...] [2/3] 49.72 % TP 0, TN 0, FP 60 , FN 68, MCC : 0
FOLD 003 STEP[31/47]	TRAIN [#######...] [2/3] 49.7 % TP 0, TN 0, FP 55 , FN 73, MCC : 0
FOLD 003 STEP[32/47]	TRAIN [#######...] [2/3] 49.7 % TP 0, TN 0, FP 67 , FN 61, MCC : 0
FOLD 003 STEP[33/47]	TRAIN [#######...] [2/3] 49.7 % TP 0, TN 0, FP 57 , FN 71, MCC : 0
FOLD 003 STEP[34/47]	TRAIN [#######...] [2/3] 49.7 % TP 0, TN 0, FP 63 , FN 65, MCC : 0
FOLD 003 STEP[35/47]	TRAIN [#######...] [2/3] 49.68 % TP 0, TN 0, FP 55 , FN 73, MCC : 0
FOLD 003 STEP[36/47]	TRAIN [#######...] [2/3] 49.69 % TP 0, TN 0, FP 68 , FN 60, MCC : 0
FOLD 003 STEP[37/47]	TRAIN [#######...] [2/3] 49.68 % TP 0, TN 0, FP 57 , FN 71, MCC : 0
FOLD 003 STEP[38/47]	TRAIN [#######...] [2/3] 49.66 % TP 0, TN 0, FP 74 , FN 54, MCC : 0
FOLD 003 STEP[39/47]	TRAIN [#######...] [2/3] 49.65 % TP 0, TN 0, FP 70 , FN 58, MCC : 0
FOLD 003 STEP[40/47]	TRAIN [#######...] [2/3] 49.64 % TP 0, TN 0, FP 55 , FN 73, MCC : 0
FOLD 003 STEP[41/47]	TRAIN [#######...] [2/3] 49.64 % TP 0, TN 0, FP 69 , FN 59, MCC : 0
FOLD 003 STEP[42/47]	TRAIN [#######...] [2/3] 49.63 % TP 0, TN 0, FP 71 , FN 57, MCC : 0
FOLD 003 STEP[43/47]	TRAIN [#######...] [2/3] 49.64 % TP 0, TN 0, FP 61 , FN 67, MCC : 0
FOLD 003 STEP[44/47]	TRAIN [#######...] [2/3] 49.64 % TP 0, TN 0, FP 70 , FN 58, MCC : 0
FOLD 003 STEP[45/47]	TRAIN [#######...] [2/3] 49.64 % TP 0, TN 0, FP 62 , FN 66, MCC : 0
FOLD 003 STEP[46/47]	TRAIN [#######...] [2/3] 49.65 % TP 0, TN 0, FP 64 , FN 64, MCC : 0
FOLD 003 STEP[47/47]	TRAIN [#######...] [2/3] 49.66 % TP 0, TN 0, FP 18 , FN 19, MCC : 0
FOLD 003 STEP[1/47]	TRAIN [##########] [3/3] 49.93 % TP 0, TN 1, FP 66 , FN 61, MCC : 0
FOLD 003 STEP[2/47]	TRAIN [##########] [3/3] 49.66 % TP 0, TN 0, FP 57 , FN 71, MCC : 0
FOLD 003 STEP[3/47]	TRAIN [##########] [3/3] 49.74 % TP 0, TN 0, FP 61 , FN 67, MCC : 0
FOLD 003 STEP[4/47]	TRAIN [##########] [3/3] 49.78 % TP 0, TN 0, FP 61 , FN 67, MCC : 0
FOLD 003 STEP[5/47]	TRAIN [##########] [3/3] 49.62 % TP 0, TN 0, FP 55 , FN 73, MCC : 0
FOLD 003 STEP[6/47]	TRAIN [##########] [3/3] 49.68 % TP 0, TN 0, FP 65 , FN 63, MCC : 0
FOLD 003 STEP[7/47]	TRAIN [##########] [3/3] 49.730000000000004 % TP 0, TN 0, FP 64 , FN 64, MCC : 0
FOLD 003 STEP[8/47]	TRAIN [##########] [3/3] 49.76 % TP 0, TN 0, FP 64 , FN 64, MCC : 0
FOLD 003 STEP[9/47]	TRAIN [##########] [3/3] 49.79 % TP 0, TN 1, FP 63 , FN 64, MCC : 0
FOLD 003 STEP[10/47]	TRAIN [##########] [3/3] 49.64 % TP 0, TN 0, FP 76 , FN 52, MCC : 0
FOLD 003 STEP[11/47]	TRAIN [##########] [3/3] 49.669999999999995 % TP 0, TN 0, FP 65 , FN 63, MCC : 0
FOLD 003 STEP[12/47]	TRAIN [##########] [3/3] 49.669999999999995 % TP 0, TN 1, FP 59 , FN 68, MCC : 0
FOLD 003 STEP[13/47]	TRAIN [##########] [3/3] 49.61 % TP 0, TN 0, FP 54 , FN 74, MCC : 0
FOLD 003 STEP[14/47]	TRAIN [##########] [3/3] 49.62 % TP 0, TN 0, FP 68 , FN 60, MCC : 0
FOLD 003 STEP[15/47]	TRAIN [##########] [3/3] 49.63 % TP 0, TN 0, FP 60 , FN 68, MCC : 0
FOLD 003 STEP[16/47]	TRAIN [##########] [3/3] 49.64 % TP 0, TN 0, FP 60 , FN 68, MCC : 0
FOLD 003 STEP[17/47]	TRAIN [##########] [3/3] 49.65 % TP 0, TN 0, FP 60 , FN 68, MCC : 0
FOLD 003 STEP[18/47]	TRAIN [##########] [3/3] 49.669999999999995 % TP 0, TN 0, FP 61 , FN 67, MCC : 0
FOLD 003 STEP[19/47]	TRAIN [##########] [3/3] 49.68 % TP 0, TN 0, FP 62 , FN 66, MCC : 0
FOLD 003 STEP[20/47]	TRAIN [##########] [3/3] 49.669999999999995 % TP 0, TN 1, FP 70 , FN 57, MCC : 0
FOLD 003 STEP[21/47]	TRAIN [##########] [3/3] 49.669999999999995 % TP 0, TN 0, FP 70 , FN 58, MCC : 0
FOLD 003 STEP[22/47]	TRAIN [##########] [3/3] 49.65 % TP 0, TN 0, FP 57 , FN 71, MCC : 0
FOLD 003 STEP[23/47]	TRAIN [##########] [3/3] 49.66 % TP 0, TN 0, FP 61 , FN 67, MCC : 0
FOLD 003 STEP[24/47]	TRAIN [##########] [3/3] 49.68 % TP 0, TN 0, FP 66 , FN 62, MCC : 0
FOLD 003 STEP[25/47]	TRAIN [##########] [3/3] 49.64 % TP 0, TN 0, FP 54 , FN 74, MCC : 0
FOLD 003 STEP[26/47]	TRAIN [##########] [3/3] 49.65 % TP 0, TN 0, FP 60 , FN 68, MCC : 0
FOLD 003 STEP[27/47]	TRAIN [##########] [3/3] 49.61 % TP 0, TN 0, FP 74 , FN 54, MCC : 0
FOLD 003 STEP[28/47]	TRAIN [##########] [3/3] 49.63 % TP 0, TN 0, FP 63 , FN 65, MCC : 0
FOLD 003 STEP[29/47]	TRAIN [##########] [3/3] 49.64 % TP 0, TN 0, FP 66 , FN 62, MCC : 0
FOLD 003 STEP[30/47]	TRAIN [##########] [3/3] 49.65 % TP 0, TN 0, FP 64 , FN 64, MCC : 0
FOLD 003 STEP[31/47]	TRAIN [##########] [3/3] 49.66 % TP 0, TN 0, FP 65 , FN 63, MCC : 0
FOLD 003 STEP[32/47]	TRAIN [##########] [3/3] 49.669999999999995 % TP 0, TN 0, FP 67 , FN 61, MCC : 0
FOLD 003 STEP[33/47]	TRAIN [##########] [3/3] 49.63 % TP 0, TN 0, FP 52 , FN 76, MCC : 0
FOLD 003 STEP[34/47]	TRAIN [##########] [3/3] 49.62 % TP 0, TN 0, FP 70 , FN 58, MCC : 0
FOLD 003 STEP[35/47]	TRAIN [##########] [3/3] 49.63 % TP 0, TN 0, FP 59 , FN 69, MCC : 0
FOLD 003 STEP[36/47]	TRAIN [##########] [3/3] 49.62 % TP 0, TN 0, FP 70 , FN 58, MCC : 0
FOLD 003 STEP[37/47]	TRAIN [##########] [3/3] 49.63 % TP 0, TN 0, FP 62 , FN 66, MCC : 0
FOLD 003 STEP[38/47]	TRAIN [##########] [3/3] 49.64 % TP 0, TN 0, FP 65 , FN 63, MCC : 0
FOLD 003 STEP[39/47]	TRAIN [##########] [3/3] 49.65 % TP 0, TN 0, FP 67 , FN 61, MCC : 0
FOLD 003 STEP[40/47]	TRAIN [##########] [3/3] 49.61 % TP 0, TN 0, FP 76 , FN 52, MCC : 0
FOLD 003 STEP[41/47]	TRAIN [##########] [3/3] 49.62 % TP 0, TN 0, FP 66 , FN 62, MCC : 0
FOLD 003 STEP[42/47]	TRAIN [##########] [3/3] 49.63 % TP 0, TN 0, FP 61 , FN 67, MCC : 0
FOLD 003 STEP[43/47]	TRAIN [##########] [3/3] 49.61 % TP 0, TN 0, FP 55 , FN 73, MCC : 0
FOLD 003 STEP[44/47]	TRAIN [##########] [3/3] 49.61 % TP 0, TN 0, FP 58 , FN 70, MCC : 0
FOLD 003 STEP[45/47]	TRAIN [##########] [3/3] 49.62 % TP 0, TN 0, FP 63 , FN 65, MCC : 0
FOLD 003 STEP[46/47]	TRAIN [##########] [3/3] 49.63 % TP 0, TN 0, FP 61 , FN 67, MCC : 0
FOLD 003 STEP[47/47]	TRAIN [##########] [3/3] 49.63 % TP 0, TN 0, FP 17 , FN 20, MCC : 0
fold 4 / 5
writing test set seed 1 fold 4 / 5 ...
training model...
FOLD 004 STEP[1/47]	TRAIN [####......] [1/3] 50.78 % TP 0, TN 65, FP 0 , FN 63, MCC : 0
FOLD 004 STEP[2/47]	TRAIN [####......] [1/3] 49.32 % TP 0, TN 14, FP 42 , FN 72, MCC : 0
FOLD 004 STEP[3/47]	TRAIN [####......] [1/3] 50.72 % TP 0, TN 54, FP 16 , FN 58, MCC : 0
FOLD 004 STEP[4/47]	TRAIN [####......] [1/3] 49.95 % TP 61, TN 0, FP 67 , FN 0, MCC : 0
FOLD 004 STEP[5/47]	TRAIN [####......] [1/3] 50.0 % TP 19, TN 0, FP 63 , FN 46, MCC : 0
FOLD 004 STEP[6/47]	TRAIN [####......] [1/3] 50.06 % TP 0, TN 27, FP 38 , FN 63, MCC : 0
FOLD 004 STEP[7/47]	TRAIN [####......] [1/3] 50.29 % TP 0, TN 39, FP 29 , FN 60, MCC : 0
FOLD 004 STEP[8/47]	TRAIN [####......] [1/3] 50.24999999999999 % TP 0, TN 1, FP 62 , FN 65, MCC : 0
FOLD 004 STEP[9/47]	TRAIN [####......] [1/3] 50.12 % TP 11, TN 0, FP 48 , FN 69, MCC : 0
FOLD 004 STEP[10/47]	TRAIN [####......] [1/3] 50.019999999999996 % TP 3, TN 0, FP 71 , FN 54, MCC : 0
FOLD 004 STEP[11/47]	TRAIN [####......] [1/3] 49.980000000000004 % TP 0, TN 0, FP 70 , FN 58, MCC : 0
FOLD 004 STEP[12/47]	TRAIN [####......] [1/3] 49.97 % TP 3, TN 0, FP 66 , FN 59, MCC : 0
FOLD 004 STEP[13/47]	TRAIN [####......] [1/3] 49.97 % TP 2, TN 3, FP 59 , FN 64, MCC : 0
FOLD 004 STEP[14/47]	TRAIN [####......] [1/3] 49.97 % TP 0, TN 3, FP 65 , FN 60, MCC : 0
FOLD 004 STEP[15/47]	TRAIN [####......] [1/3] 49.96 % TP 1, TN 1, FP 60 , FN 66, MCC : 0
FOLD 004 STEP[16/47]	TRAIN [####......] [1/3] 49.96 % TP 3, TN 0, FP 60 , FN 65, MCC : 0
FOLD 004 STEP[17/47]	TRAIN [####......] [1/3] 49.91 % TP 4, TN 0, FP 53 , FN 71, MCC : 0
FOLD 004 STEP[18/47]	TRAIN [####......] [1/3] 49.88 % TP 0, TN 0, FP 71 , FN 57, MCC : 0
FOLD 004 STEP[19/47]	TRAIN [####......] [1/3] 49.88 % TP 1, TN 0, FP 60 , FN 67, MCC : 0
FOLD 004 STEP[20/47]	TRAIN [####......] [1/3] 49.88 % TP 1, TN 0, FP 67 , FN 60, MCC : 0
FOLD 004 STEP[21/47]	TRAIN [####......] [1/3] 49.86 % TP 1, TN 1, FP 69 , FN 57, MCC : 0
FOLD 004 STEP[22/47]	TRAIN [####......] [1/3] 49.87 % TP 0, TN 0, FP 66 , FN 62, MCC : 0
FOLD 004 STEP[23/47]	TRAIN [####......] [1/3] 49.87 % TP 0, TN 0, FP 64 , FN 64, MCC : 0
FOLD 004 STEP[24/47]	TRAIN [####......] [1/3] 49.86 % TP 0, TN 0, FP 59 , FN 69, MCC : 0
FOLD 004 STEP[25/47]	TRAIN [####......] [1/3] 49.87 % TP 0, TN 0, FP 66 , FN 62, MCC : 0
FOLD 004 STEP[26/47]	TRAIN [####......] [1/3] 49.84 % TP 1, TN 0, FP 55 , FN 72, MCC : 0
FOLD 004 STEP[27/47]	TRAIN [####......] [1/3] 49.830000000000005 % TP 1, TN 0, FP 69 , FN 58, MCC : 0
FOLD 004 STEP[28/47]	TRAIN [####......] [1/3] 49.84 % TP 0, TN 0, FP 65 , FN 63, MCC : 0
FOLD 004 STEP[29/47]	TRAIN [####......] [1/3] 49.84 % TP 1, TN 0, FP 64 , FN 63, MCC : 0
FOLD 004 STEP[30/47]	TRAIN [####......] [1/3] 49.85 % TP 0, TN 0, FP 64 , FN 64, MCC : 0
FOLD 004 STEP[31/47]	TRAIN [####......] [1/3] 49.85 % TP 0, TN 0, FP 63 , FN 65, MCC : 0
FOLD 004 STEP[32/47]	TRAIN [####......] [1/3] 49.86 % TP 0, TN 2, FP 61 , FN 65, MCC : 0
FOLD 004 STEP[33/47]	TRAIN [####......] [1/3] 49.86 % TP 0, TN 0, FP 64 , FN 64, MCC : 0
FOLD 004 STEP[34/47]	TRAIN [####......] [1/3] 49.86 % TP 0, TN 0, FP 68 , FN 60, MCC : 0
FOLD 004 STEP[35/47]	TRAIN [####......] [1/3] 49.84 % TP 0, TN 0, FP 56 , FN 72, MCC : 0
FOLD 004 STEP[36/47]	TRAIN [####......] [1/3] 49.84 % TP 0, TN 0, FP 65 , FN 63, MCC : 0
FOLD 004 STEP[37/47]	TRAIN [####......] [1/3] 49.85 % TP 0, TN 1, FP 66 , FN 61, MCC : 0
FOLD 004 STEP[38/47]	TRAIN [####......] [1/3] 49.82 % TP 0, TN 1, FP 54 , FN 73, MCC : 0
FOLD 004 STEP[39/47]	TRAIN [####......] [1/3] 49.82 % TP 0, TN 0, FP 67 , FN 61, MCC : 0
FOLD 004 STEP[40/47]	TRAIN [####......] [1/3] 49.830000000000005 % TP 0, TN 0, FP 64 , FN 64, MCC : 0
FOLD 004 STEP[41/47]	TRAIN [####......] [1/3] 49.830000000000005 % TP 0, TN 0, FP 64 , FN 64, MCC : 0
FOLD 004 STEP[42/47]	TRAIN [####......] [1/3] 49.81 % TP 0, TN 0, FP 73 , FN 55, MCC : 0
FOLD 004 STEP[43/47]	TRAIN [####......] [1/3] 49.8 % TP 0, TN 1, FP 71 , FN 56, MCC : 0
FOLD 004 STEP[44/47]	TRAIN [####......] [1/3] 49.8 % TP 0, TN 0, FP 68 , FN 60, MCC : 0
FOLD 004 STEP[45/47]	TRAIN [####......] [1/3] 49.8 % TP 0, TN 0, FP 63 , FN 65, MCC : 0
FOLD 004 STEP[46/47]	TRAIN [####......] [1/3] 49.81 % TP 0, TN 1, FP 67 , FN 60, MCC : 0
FOLD 004 STEP[47/47]	TRAIN [####......] [1/3] 49.79 % TP 0, TN 0, FP 16 , FN 21, MCC : 0
FOLD 004 STEP[1/47]	TRAIN [#######...] [2/3] 49.8 % TP 0, TN 0, FP 68 , FN 60, MCC : 0
FOLD 004 STEP[2/47]	TRAIN [#######...] [2/3] 49.46 % TP 0, TN 1, FP 72 , FN 55, MCC : 0
FOLD 004 STEP[3/47]	TRAIN [#######...] [2/3] 48.949999999999996 % TP 0, TN 0, FP 77 , FN 51, MCC : 0
FOLD 004 STEP[4/47]	TRAIN [#######...] [2/3] 49.07 % TP 0, TN 0, FP 57 , FN 71, MCC : 0
FOLD 004 STEP[5/47]	TRAIN [#######...] [2/3] 49.230000000000004 % TP 0, TN 0, FP 61 , FN 67, MCC : 0
FOLD 004 STEP[6/47]	TRAIN [#######...] [2/3] 49.34 % TP 0, TN 0, FP 61 , FN 67, MCC : 0
FOLD 004 STEP[7/47]	TRAIN [#######...] [2/3] 49.35 % TP 0, TN 0, FP 57 , FN 71, MCC : 0
FOLD 004 STEP[8/47]	TRAIN [#######...] [2/3] 49.32 % TP 1, TN 0, FP 55 , FN 72, MCC : 0
FOLD 004 STEP[9/47]	TRAIN [#######...] [2/3] 49.370000000000005 % TP 0, TN 0, FP 60 , FN 68, MCC : 0
FOLD 004 STEP[10/47]	TRAIN [#######...] [2/3] 49.36 % TP 0, TN 0, FP 72 , FN 56, MCC : 0
FOLD 004 STEP[11/47]	TRAIN [#######...] [2/3] 49.419999999999995 % TP 0, TN 0, FP 65 , FN 63, MCC : 0
FOLD 004 STEP[12/47]	TRAIN [#######...] [2/3] 49.46 % TP 0, TN 0, FP 65 , FN 63, MCC : 0
FOLD 004 STEP[13/47]	TRAIN [#######...] [2/3] 49.49 % TP 0, TN 0, FP 60 , FN 68, MCC : 0
FOLD 004 STEP[14/47]	TRAIN [#######...] [2/3] 49.5 % TP 0, TN 1, FP 69 , FN 58, MCC : 0
FOLD 004 STEP[15/47]	TRAIN [#######...] [2/3] 49.53 % TP 0, TN 0, FP 66 , FN 62, MCC : 0
FOLD 004 STEP[16/47]	TRAIN [#######...] [2/3] 49.51 % TP 0, TN 0, FP 72 , FN 56, MCC : 0
FOLD 004 STEP[17/47]	TRAIN [#######...] [2/3] 49.54 % TP 0, TN 0, FP 66 , FN 62, MCC : 0
FOLD 004 STEP[18/47]	TRAIN [#######...] [2/3] 49.559999999999995 % TP 0, TN 0, FP 63 , FN 65, MCC : 0
FOLD 004 STEP[19/47]	TRAIN [#######...] [2/3] 49.54 % TP 0, TN 1, FP 72 , FN 55, MCC : 0
FOLD 004 STEP[20/47]	TRAIN [#######...] [2/3] 49.5 % TP 0, TN 0, FP 74 , FN 54, MCC : 0
FOLD 004 STEP[21/47]	TRAIN [#######...] [2/3] 49.47 % TP 0, TN 0, FP 54 , FN 74, MCC : 0
FOLD 004 STEP[22/47]	TRAIN [#######...] [2/3] 49.419999999999995 % TP 1, TN 0, FP 52 , FN 75, MCC : 0
FOLD 004 STEP[23/47]	TRAIN [#######...] [2/3] 49.44 % TP 0, TN 0, FP 63 , FN 65, MCC : 0
FOLD 004 STEP[24/47]	TRAIN [#######...] [2/3] 49.46 % TP 0, TN 0, FP 66 , FN 62, MCC : 0
FOLD 004 STEP[25/47]	TRAIN [#######...] [2/3] 49.47 % TP 0, TN 0, FP 69 , FN 59, MCC : 0
FOLD 004 STEP[26/47]	TRAIN [#######...] [2/3] 49.47 % TP 0, TN 0, FP 57 , FN 71, MCC : 0
FOLD 004 STEP[27/47]	TRAIN [#######...] [2/3] 49.49 % TP 0, TN 2, FP 65 , FN 61, MCC : 0
FOLD 004 STEP[28/47]	TRAIN [#######...] [2/3] 49.51 % TP 0, TN 0, FP 63 , FN 65, MCC : 0
FOLD 004 STEP[29/47]	TRAIN [#######...] [2/3] 49.45 % TP 0, TN 0, FP 77 , FN 51, MCC : 0
FOLD 004 STEP[30/47]	TRAIN [#######...] [2/3] 49.47 % TP 0, TN 0, FP 66 , FN 62, MCC : 0
FOLD 004 STEP[31/47]	TRAIN [#######...] [2/3] 49.49 % TP 0, TN 0, FP 63 , FN 65, MCC : 0
FOLD 004 STEP[32/47]	TRAIN [#######...] [2/3] 49.5 % TP 0, TN 0, FP 62 , FN 66, MCC : 0
FOLD 004 STEP[33/47]	TRAIN [#######...] [2/3] 49.49 % TP 0, TN 1, FP 56 , FN 71, MCC : 0
FOLD 004 STEP[34/47]	TRAIN [#######...] [2/3] 49.49 % TP 0, TN 0, FP 72 , FN 56, MCC : 0
FOLD 004 STEP[35/47]	TRAIN [#######...] [2/3] 49.480000000000004 % TP 0, TN 0, FP 56 , FN 72, MCC : 0
FOLD 004 STEP[36/47]	TRAIN [#######...] [2/3] 49.49 % TP 0, TN 0, FP 66 , FN 62, MCC : 0
FOLD 004 STEP[37/47]	TRAIN [#######...] [2/3] 49.5 % TP 0, TN 0, FP 60 , FN 68, MCC : 0
FOLD 004 STEP[38/47]	TRAIN [#######...] [2/3] 49.51 % TP 0, TN 0, FP 62 , FN 66, MCC : 0
FOLD 004 STEP[39/47]	TRAIN [#######...] [2/3] 49.519999999999996 % TP 0, TN 0, FP 65 , FN 63, MCC : 0
FOLD 004 STEP[40/47]	TRAIN [#######...] [2/3] 49.53 % TP 0, TN 0, FP 61 , FN 67, MCC : 0
FOLD 004 STEP[41/47]	TRAIN [#######...] [2/3] 49.53 % TP 0, TN 0, FP 71 , FN 57, MCC : 0
FOLD 004 STEP[42/47]	TRAIN [#######...] [2/3] 49.53 % TP 0, TN 0, FP 71 , FN 57, MCC : 0
FOLD 004 STEP[43/47]	TRAIN [#######...] [2/3] 49.54 % TP 0, TN 0, FP 64 , FN 64, MCC : 0
FOLD 004 STEP[44/47]	TRAIN [#######...] [2/3] 49.55 % TP 0, TN 1, FP 67 , FN 60, MCC : 0
FOLD 004 STEP[45/47]	TRAIN [#######...] [2/3] 49.55 % TP 0, TN 0, FP 67 , FN 61, MCC : 0
FOLD 004 STEP[46/47]	TRAIN [#######...] [2/3] 49.559999999999995 % TP 0, TN 0, FP 63 , FN 65, MCC : 0
FOLD 004 STEP[47/47]	TRAIN [#######...] [2/3] 49.559999999999995 % TP 0, TN 0, FP 20 , FN 17, MCC : 0
FOLD 004 STEP[1/47]	TRAIN [##########] [3/3] 49.01 % TP 0, TN 0, FP 73 , FN 55, MCC : 0
FOLD 004 STEP[2/47]	TRAIN [##########] [3/3] 49.480000000000004 % TP 0, TN 0, FP 62 , FN 66, MCC : 0
FOLD 004 STEP[3/47]	TRAIN [##########] [3/3] 49.45 % TP 0, TN 0, FP 71 , FN 57, MCC : 0
FOLD 004 STEP[4/47]	TRAIN [##########] [3/3] 49.44 % TP 0, TN 0, FP 71 , FN 57, MCC : 0
FOLD 004 STEP[5/47]	TRAIN [##########] [3/3] 49.53 % TP 0, TN 0, FP 67 , FN 61, MCC : 0
FOLD 004 STEP[6/47]	TRAIN [##########] [3/3] 49.6 % TP 0, TN 0, FP 62 , FN 66, MCC : 0
FOLD 004 STEP[7/47]	TRAIN [##########] [3/3] 49.63 % TP 0, TN 0, FP 60 , FN 68, MCC : 0
FOLD 004 STEP[8/47]	TRAIN [##########] [3/3] 49.65 % TP 0, TN 0, FP 60 , FN 68, MCC : 0
FOLD 004 STEP[9/47]	TRAIN [##########] [3/3] 49.68 % TP 0, TN 0, FP 61 , FN 67, MCC : 0
FOLD 004 STEP[10/47]	TRAIN [##########] [3/3] 49.71 % TP 0, TN 0, FP 62 , FN 66, MCC : 0
FOLD 004 STEP[11/47]	TRAIN [##########] [3/3] 49.72 % TP 0, TN 0, FP 67 , FN 61, MCC : 0
FOLD 004 STEP[12/47]	TRAIN [##########] [3/3] 49.74 % TP 0, TN 1, FP 66 , FN 61, MCC : 0
FOLD 004 STEP[13/47]	TRAIN [##########] [3/3] 49.58 % TP 0, TN 0, FP 78 , FN 50, MCC : 0
FOLD 004 STEP[14/47]	TRAIN [##########] [3/3] 49.59 % TP 0, TN 0, FP 68 , FN 60, MCC : 0
FOLD 004 STEP[15/47]	TRAIN [##########] [3/3] 49.59 % TP 0, TN 0, FP 58 , FN 70, MCC : 0
FOLD 004 STEP[16/47]	TRAIN [##########] [3/3] 49.62 % TP 0, TN 1, FP 63 , FN 64, MCC : 0
FOLD 004 STEP[17/47]	TRAIN [##########] [3/3] 49.57 % TP 0, TN 0, FP 74 , FN 54, MCC : 0
FOLD 004 STEP[18/47]	TRAIN [##########] [3/3] 49.58 % TP 0, TN 0, FP 68 , FN 60, MCC : 0
FOLD 004 STEP[19/47]	TRAIN [##########] [3/3] 49.6 % TP 0, TN 0, FP 65 , FN 63, MCC : 0
FOLD 004 STEP[20/47]	TRAIN [##########] [3/3] 49.62 % TP 0, TN 0, FP 66 , FN 62, MCC : 0
FOLD 004 STEP[21/47]	TRAIN [##########] [3/3] 49.62 % TP 0, TN 0, FP 58 , FN 70, MCC : 0
FOLD 004 STEP[22/47]	TRAIN [##########] [3/3] 49.62 % TP 0, TN 0, FP 59 , FN 69, MCC : 0
FOLD 004 STEP[23/47]	TRAIN [##########] [3/3] 49.64 % TP 0, TN 0, FP 64 , FN 64, MCC : 0
FOLD 004 STEP[24/47]	TRAIN [##########] [3/3] 49.65 % TP 0, TN 0, FP 66 , FN 62, MCC : 0
FOLD 004 STEP[25/47]	TRAIN [##########] [3/3] 49.66 % TP 0, TN 0, FP 62 , FN 66, MCC : 0
FOLD 004 STEP[26/47]	TRAIN [##########] [3/3] 49.669999999999995 % TP 0, TN 0, FP 65 , FN 63, MCC : 0
FOLD 004 STEP[27/47]	TRAIN [##########] [3/3] 49.68 % TP 0, TN 0, FP 66 , FN 62, MCC : 0
FOLD 004 STEP[28/47]	TRAIN [##########] [3/3] 49.669999999999995 % TP 0, TN 0, FP 57 , FN 71, MCC : 0
FOLD 004 STEP[29/47]	TRAIN [##########] [3/3] 49.669999999999995 % TP 0, TN 0, FP 70 , FN 58, MCC : 0
FOLD 004 STEP[30/47]	TRAIN [##########] [3/3] 49.68 % TP 0, TN 0, FP 62 , FN 66, MCC : 0
FOLD 004 STEP[31/47]	TRAIN [##########] [3/3] 49.63 % TP 0, TN 0, FP 52 , FN 76, MCC : 0
FOLD 004 STEP[32/47]	TRAIN [##########] [3/3] 49.63 % TP 0, TN 0, FP 71 , FN 57, MCC : 0
FOLD 004 STEP[33/47]	TRAIN [##########] [3/3] 49.63 % TP 0, TN 0, FP 59 , FN 69, MCC : 0
FOLD 004 STEP[34/47]	TRAIN [##########] [3/3] 49.63 % TP 0, TN 0, FP 59 , FN 69, MCC : 0
FOLD 004 STEP[35/47]	TRAIN [##########] [3/3] 49.64 % TP 0, TN 0, FP 67 , FN 61, MCC : 0
FOLD 004 STEP[36/47]	TRAIN [##########] [3/3] 49.64 % TP 0, TN 0, FP 61 , FN 67, MCC : 0
FOLD 004 STEP[37/47]	TRAIN [##########] [3/3] 49.65 % TP 0, TN 0, FP 66 , FN 62, MCC : 0
FOLD 004 STEP[38/47]	TRAIN [##########] [3/3] 49.66 % TP 0, TN 0, FP 65 , FN 63, MCC : 0
FOLD 004 STEP[39/47]	TRAIN [##########] [3/3] 49.669999999999995 % TP 0, TN 0, FP 61 , FN 67, MCC : 0
FOLD 004 STEP[40/47]	TRAIN [##########] [3/3] 49.669999999999995 % TP 0, TN 0, FP 67 , FN 61, MCC : 0
FOLD 004 STEP[41/47]	TRAIN [##########] [3/3] 49.68 % TP 0, TN 0, FP 62 , FN 66, MCC : 0
FOLD 004 STEP[42/47]	TRAIN [##########] [3/3] 49.69 % TP 0, TN 0, FP 65 , FN 63, MCC : 0
FOLD 004 STEP[43/47]	TRAIN [##########] [3/3] 49.69 % TP 0, TN 0, FP 61 , FN 67, MCC : 0
FOLD 004 STEP[44/47]	TRAIN [##########] [3/3] 49.7 % TP 0, TN 0, FP 63 , FN 65, MCC : 0
FOLD 004 STEP[45/47]	TRAIN [##########] [3/3] 49.71 % TP 0, TN 0, FP 64 , FN 64, MCC : 0
FOLD 004 STEP[46/47]	TRAIN [##########] [3/3] 49.7 % TP 0, TN 0, FP 69 , FN 59, MCC : 0
FOLD 004 STEP[47/47]	TRAIN [##########] [3/3] 49.69 % TP 0, TN 0, FP 21 , FN 16, MCC : 0
fold 5 / 5
writing test set seed 1 fold 5 / 5 ...
training model...
FOLD 005 STEP[1/47]	TRAIN [####......] [1/3] 54.269999999999996 % TP 2, TN 59, FP 12 , FN 55, MCC : 0
FOLD 005 STEP[2/47]	TRAIN [####......] [1/3] 49.4 % TP 57, TN 0, FP 71 , FN 0, MCC : 0
FOLD 005 STEP[3/47]	TRAIN [####......] [1/3] 51.64 % TP 0, TN 60, FP 14 , FN 54, MCC : 0
FOLD 005 STEP[4/47]	TRAIN [####......] [1/3] 51.35999999999999 % TP 0, TN 14, FP 59 , FN 55, MCC : 0
FOLD 005 STEP[5/47]	TRAIN [####......] [1/3] 50.849999999999994 % TP 30, TN 0, FP 67 , FN 31, MCC : 0
FOLD 005 STEP[6/47]	TRAIN [####......] [1/3] 50.68 % TP 4, TN 0, FP 66 , FN 58, MCC : 0
FOLD 005 STEP[7/47]	TRAIN [####......] [1/3] 50.55 % TP 0, TN 3, FP 67 , FN 58, MCC : 0
FOLD 005 STEP[8/47]	TRAIN [####......] [1/3] 50.49 % TP 5, TN 1, FP 63 , FN 59, MCC : 0
FOLD 005 STEP[9/47]	TRAIN [####......] [1/3] 50.43 % TP 0, TN 0, FP 65 , FN 63, MCC : 0
FOLD 005 STEP[10/47]	TRAIN [####......] [1/3] 50.36000000000001 % TP 0, TN 0, FP 59 , FN 69, MCC : 0
FOLD 005 STEP[11/47]	TRAIN [####......] [1/3] 50.32 % TP 0, TN 0, FP 65 , FN 63, MCC : 0
FOLD 005 STEP[12/47]	TRAIN [####......] [1/3] 50.27 % TP 0, TN 3, FP 57 , FN 68, MCC : 0
FOLD 005 STEP[13/47]	TRAIN [####......] [1/3] 50.18 % TP 1, TN 0, FP 55 , FN 72, MCC : 0
FOLD 005 STEP[14/47]	TRAIN [####......] [1/3] 50.12 % TP 2, TN 0, FP 56 , FN 70, MCC : 0
FOLD 005 STEP[15/47]	TRAIN [####......] [1/3] 50.12 % TP 4, TN 0, FP 61 , FN 63, MCC : 0
FOLD 005 STEP[16/47]	TRAIN [####......] [1/3] 50.1 % TP 1, TN 3, FP 66 , FN 58, MCC : 0
FOLD 005 STEP[17/47]	TRAIN [####......] [1/3] 50.080000000000005 % TP 0, TN 2, FP 67 , FN 59, MCC : 0
FOLD 005 STEP[18/47]	TRAIN [####......] [1/3] 50.07 % TP 1, TN 0, FP 61 , FN 66, MCC : 0
FOLD 005 STEP[19/47]	TRAIN [####......] [1/3] 50.06 % TP 4, TN 0, FP 67 , FN 57, MCC : 0
FOLD 005 STEP[20/47]	TRAIN [####......] [1/3] 50.05 % TP 0, TN 0, FP 62 , FN 66, MCC : 0
FOLD 005 STEP[21/47]	TRAIN [####......] [1/3] 50.05 % TP 0, TN 1, FP 64 , FN 63, MCC : 0
FOLD 005 STEP[22/47]	TRAIN [####......] [1/3] 50.029999999999994 % TP 0, TN 2, FP 57 , FN 69, MCC : 0
FOLD 005 STEP[23/47]	TRAIN [####......] [1/3] 50.029999999999994 % TP 0, TN 0, FP 65 , FN 63, MCC : 0
FOLD 005 STEP[24/47]	TRAIN [####......] [1/3] 50.0 % TP 0, TN 0, FP 57 , FN 71, MCC : 0
FOLD 005 STEP[25/47]	TRAIN [####......] [1/3] 50.0 % TP 0, TN 0, FP 65 , FN 63, MCC : 0
FOLD 005 STEP[26/47]	TRAIN [####......] [1/3] 50.0 % TP 0, TN 0, FP 66 , FN 62, MCC : 0
FOLD 005 STEP[27/47]	TRAIN [####......] [1/3] 49.96 % TP 0, TN 0, FP 73 , FN 55, MCC : 0
FOLD 005 STEP[28/47]	TRAIN [####......] [1/3] 49.95 % TP 0, TN 0, FP 70 , FN 58, MCC : 0
FOLD 005 STEP[29/47]	TRAIN [####......] [1/3] 49.93 % TP 0, TN 0, FP 57 , FN 71, MCC : 0
FOLD 005 STEP[30/47]	TRAIN [####......] [1/3] 49.93 % TP 0, TN 0, FP 63 , FN 65, MCC : 0
FOLD 005 STEP[31/47]	TRAIN [####......] [1/3] 49.93 % TP 0, TN 0, FP 65 , FN 63, MCC : 0
FOLD 005 STEP[32/47]	TRAIN [####......] [1/3] 49.93 % TP 0, TN 0, FP 65 , FN 63, MCC : 0
FOLD 005 STEP[33/47]	TRAIN [####......] [1/3] 49.94 % TP 0, TN 0, FP 65 , FN 63, MCC : 0
FOLD 005 STEP[34/47]	TRAIN [####......] [1/3] 49.93 % TP 0, TN 0, FP 60 , FN 68, MCC : 0
FOLD 005 STEP[35/47]	TRAIN [####......] [1/3] 49.93 % TP 0, TN 0, FP 68 , FN 60, MCC : 0
FOLD 005 STEP[36/47]	TRAIN [####......] [1/3] 49.89 % TP 0, TN 0, FP 75 , FN 53, MCC : 0
FOLD 005 STEP[37/47]	TRAIN [####......] [1/3] 49.89 % TP 0, TN 0, FP 62 , FN 66, MCC : 0
FOLD 005 STEP[38/47]	TRAIN [####......] [1/3] 49.89 % TP 0, TN 0, FP 61 , FN 67, MCC : 0
FOLD 005 STEP[39/47]	TRAIN [####......] [1/3] 49.89 % TP 0, TN 0, FP 62 , FN 66, MCC : 0
FOLD 005 STEP[40/47]	TRAIN [####......] [1/3] 49.89 % TP 0, TN 0, FP 61 , FN 67, MCC : 0
FOLD 005 STEP[41/47]	TRAIN [####......] [1/3] 49.89 % TP 0, TN 0, FP 63 , FN 65, MCC : 0
FOLD 005 STEP[42/47]	TRAIN [####......] [1/3] 49.9 % TP 0, TN 0, FP 66 , FN 62, MCC : 0
FOLD 005 STEP[43/47]	TRAIN [####......] [1/3] 49.88 % TP 0, TN 0, FP 57 , FN 71, MCC : 0
FOLD 005 STEP[44/47]	TRAIN [####......] [1/3] 49.89 % TP 0, TN 0, FP 65 , FN 63, MCC : 0
FOLD 005 STEP[45/47]	TRAIN [####......] [1/3] 49.89 % TP 0, TN 0, FP 65 , FN 63, MCC : 0
FOLD 005 STEP[46/47]	TRAIN [####......] [1/3] 49.89 % TP 0, TN 0, FP 65 , FN 63, MCC : 0
FOLD 005 STEP[47/47]	TRAIN [####......] [1/3] 49.87 % TP 0, TN 0, FP 55 , FN 73, MCC : 0
FOLD 005 STEP[48/47]	TRAIN [####......] [1/3] 49.87 % TP 0, TN 0, FP 61 , FN 67, MCC : 0
FOLD 005 STEP[49/47]	TRAIN [####......] [1/3] 49.87 % TP 0, TN 0, FP 68 , FN 60, MCC : 0
FOLD 005 STEP[50/47]	TRAIN [####......] [1/3] 49.86 % TP 0, TN 0, FP 57 , FN 71, MCC : 0
FOLD 005 STEP[51/47]	TRAIN [####......] [1/3] 49.86 % TP 0, TN 0, FP 59 , FN 69, MCC : 0
FOLD 005 STEP[52/47]	TRAIN [####......] [1/3] 49.86 % TP 0, TN 1, FP 66 , FN 61, MCC : 0
FOLD 005 STEP[53/47]	TRAIN [####......] [1/3] 49.86 % TP 0, TN 0, FP 63 , FN 65, MCC : 0
FOLD 005 STEP[54/47]	TRAIN [####......] [1/3] 49.86 % TP 0, TN 0, FP 70 , FN 58, MCC : 0
FOLD 005 STEP[55/47]	TRAIN [####......] [1/3] 49.86 % TP 0, TN 0, FP 68 , FN 60, MCC : 0
FOLD 005 STEP[56/47]	TRAIN [####......] [1/3] 49.86 % TP 0, TN 0, FP 63 , FN 65, MCC : 0
FOLD 005 STEP[57/47]	TRAIN [####......] [1/3] 49.86 % TP 0, TN 1, FP 59 , FN 68, MCC : 0
FOLD 005 STEP[58/47]	TRAIN [####......] [1/3] 49.85 % TP 0, TN 0, FP 61 , FN 48, MCC : 0
FOLD 005 STEP[1/47]	TRAIN [#######...] [2/3] 49.89 % TP 0, TN 0, FP 61 , FN 67, MCC : 0
FOLD 005 STEP[2/47]	TRAIN [#######...] [2/3] 49.95 % TP 0, TN 0, FP 64 , FN 64, MCC : 0
FOLD 005 STEP[3/47]	TRAIN [#######...] [2/3] 49.28 % TP 0, TN 0, FP 51 , FN 77, MCC : 0
FOLD 005 STEP[4/47]	TRAIN [#######...] [2/3] 49.38 % TP 0, TN 0, FP 69 , FN 59, MCC : 0
FOLD 005 STEP[5/47]	TRAIN [#######...] [2/3] 49.309999999999995 % TP 0, TN 2, FP 54 , FN 72, MCC : 0
FOLD 005 STEP[6/47]	TRAIN [#######...] [2/3] 49.41 % TP 0, TN 1, FP 61 , FN 66, MCC : 0
FOLD 005 STEP[7/47]	TRAIN [#######...] [2/3] 49.49 % TP 0, TN 0, FP 65 , FN 63, MCC : 0
FOLD 005 STEP[8/47]	TRAIN [#######...] [2/3] 49.43 % TP 0, TN 0, FP 55 , FN 73, MCC : 0
FOLD 005 STEP[9/47]	TRAIN [#######...] [2/3] 49.44 % TP 0, TN 1, FP 70 , FN 57, MCC : 0
FOLD 005 STEP[10/47]	TRAIN [#######...] [2/3] 49.49 % TP 0, TN 0, FP 63 , FN 65, MCC : 0
FOLD 005 STEP[11/47]	TRAIN [#######...] [2/3] 49.51 % TP 0, TN 0, FP 59 , FN 69, MCC : 0
FOLD 005 STEP[12/47]	TRAIN [#######...] [2/3] 49.46 % TP 0, TN 1, FP 54 , FN 73, MCC : 0
FOLD 005 STEP[13/47]	TRAIN [#######...] [2/3] 49.49 % TP 0, TN 2, FP 67 , FN 59, MCC : 0
FOLD 005 STEP[14/47]	TRAIN [#######...] [2/3] 49.51 % TP 0, TN 0, FP 60 , FN 68, MCC : 0
FOLD 005 STEP[15/47]	TRAIN [#######...] [2/3] 49.51 % TP 0, TN 0, FP 58 , FN 70, MCC : 0
FOLD 005 STEP[16/47]	TRAIN [#######...] [2/3] 49.53 % TP 1, TN 0, FP 59 , FN 68, MCC : 0
FOLD 005 STEP[17/47]	TRAIN [#######...] [2/3] 49.55 % TP 0, TN 0, FP 61 , FN 67, MCC : 0
FOLD 005 STEP[18/47]	TRAIN [#######...] [2/3] 49.54 % TP 0, TN 0, FP 57 , FN 71, MCC : 0
FOLD 005 STEP[19/47]	TRAIN [#######...] [2/3] 49.51 % TP 0, TN 0, FP 73 , FN 55, MCC : 0
FOLD 005 STEP[20/47]	TRAIN [#######...] [2/3] 49.519999999999996 % TP 0, TN 0, FP 59 , FN 69, MCC : 0
FOLD 005 STEP[21/47]	TRAIN [#######...] [2/3] 49.519999999999996 % TP 0, TN 0, FP 71 , FN 57, MCC : 0
FOLD 005 STEP[22/47]	TRAIN [#######...] [2/3] 49.519999999999996 % TP 0, TN 1, FP 70 , FN 57, MCC : 0
FOLD 005 STEP[23/47]	TRAIN [#######...] [2/3] 49.419999999999995 % TP 0, TN 0, FP 49 , FN 79, MCC : 0
FOLD 005 STEP[24/47]	TRAIN [#######...] [2/3] 49.44 % TP 0, TN 0, FP 65 , FN 63, MCC : 0
FOLD 005 STEP[25/47]	TRAIN [#######...] [2/3] 49.46 % TP 0, TN 0, FP 60 , FN 68, MCC : 0
FOLD 005 STEP[26/47]	TRAIN [#######...] [2/3] 49.480000000000004 % TP 0, TN 0, FP 65 , FN 63, MCC : 0
FOLD 005 STEP[27/47]	TRAIN [#######...] [2/3] 49.5 % TP 0, TN 0, FP 63 , FN 65, MCC : 0
FOLD 005 STEP[28/47]	TRAIN [#######...] [2/3] 49.51 % TP 0, TN 0, FP 60 , FN 68, MCC : 0
FOLD 005 STEP[29/47]	TRAIN [#######...] [2/3] 49.519999999999996 % TP 0, TN 0, FP 65 , FN 63, MCC : 0
FOLD 005 STEP[30/47]	TRAIN [#######...] [2/3] 49.54 % TP 0, TN 0, FP 64 , FN 64, MCC : 0
FOLD 005 STEP[31/47]	TRAIN [#######...] [2/3] 49.55 % TP 0, TN 0, FP 60 , FN 68, MCC : 0
FOLD 005 STEP[32/47]	TRAIN [#######...] [2/3] 49.55 % TP 0, TN 0, FP 58 , FN 70, MCC : 0
FOLD 005 STEP[33/47]	TRAIN [#######...] [2/3] 49.559999999999995 % TP 0, TN 0, FP 60 , FN 68, MCC : 0
FOLD 005 STEP[34/47]	TRAIN [#######...] [2/3] 49.57 % TP 0, TN 0, FP 64 , FN 64, MCC : 0
FOLD 005 STEP[35/47]	TRAIN [#######...] [2/3] 49.57 % TP 0, TN 0, FP 69 , FN 59, MCC : 0
FOLD 005 STEP[36/47]	TRAIN [#######...] [2/3] 49.57 % TP 0, TN 0, FP 58 , FN 70, MCC : 0
FOLD 005 STEP[37/47]	TRAIN [#######...] [2/3] 49.559999999999995 % TP 0, TN 0, FP 72 , FN 56, MCC : 0
FOLD 005 STEP[38/47]	TRAIN [#######...] [2/3] 49.55 % TP 0, TN 0, FP 72 , FN 56, MCC : 0
FOLD 005 STEP[39/47]	TRAIN [#######...] [2/3] 49.559999999999995 % TP 0, TN 1, FP 58 , FN 69, MCC : 0
FOLD 005 STEP[40/47]	TRAIN [#######...] [2/3] 49.57 % TP 0, TN 0, FP 63 , FN 65, MCC : 0
FOLD 005 STEP[41/47]	TRAIN [#######...] [2/3] 49.57 % TP 0, TN 0, FP 70 , FN 58, MCC : 0
FOLD 005 STEP[42/47]	TRAIN [#######...] [2/3] 49.58 % TP 0, TN 0, FP 62 , FN 66, MCC : 0
FOLD 005 STEP[43/47]	TRAIN [#######...] [2/3] 49.59 % TP 0, TN 0, FP 63 , FN 65, MCC : 0
FOLD 005 STEP[44/47]	TRAIN [#######...] [2/3] 49.59 % TP 0, TN 0, FP 61 , FN 67, MCC : 0
FOLD 005 STEP[45/47]	TRAIN [#######...] [2/3] 49.6 % TP 0, TN 0, FP 61 , FN 67, MCC : 0
FOLD 005 STEP[46/47]	TRAIN [#######...] [2/3] 49.61 % TP 0, TN 0, FP 63 , FN 65, MCC : 0
FOLD 005 STEP[47/47]	TRAIN [#######...] [2/3] 49.59 % TP 0, TN 0, FP 55 , FN 73, MCC : 0
FOLD 005 STEP[48/47]	TRAIN [#######...] [2/3] 49.58 % TP 0, TN 0, FP 54 , FN 74, MCC : 0
FOLD 005 STEP[49/47]	TRAIN [#######...] [2/3] 49.59 % TP 0, TN 0, FP 64 , FN 64, MCC : 0
FOLD 005 STEP[50/47]	TRAIN [#######...] [2/3] 49.59 % TP 0, TN 0, FP 59 , FN 69, MCC : 0
FOLD 005 STEP[51/47]	TRAIN [#######...] [2/3] 49.59 % TP 0, TN 0, FP 59 , FN 69, MCC : 0
FOLD 005 STEP[52/47]	TRAIN [#######...] [2/3] 49.6 % TP 0, TN 0, FP 64 , FN 64, MCC : 0
FOLD 005 STEP[53/47]	TRAIN [#######...] [2/3] 49.61 % TP 0, TN 0, FP 63 , FN 65, MCC : 0
FOLD 005 STEP[54/47]	TRAIN [#######...] [2/3] 49.61 % TP 0, TN 0, FP 67 , FN 61, MCC : 0
FOLD 005 STEP[55/47]	TRAIN [#######...] [2/3] 49.61 % TP 0, TN 0, FP 58 , FN 70, MCC : 0
FOLD 005 STEP[56/47]	TRAIN [#######...] [2/3] 49.61 % TP 0, TN 0, FP 58 , FN 70, MCC : 0
FOLD 005 STEP[57/47]	TRAIN [#######...] [2/3] 49.6 % TP 0, TN 0, FP 73 , FN 55, MCC : 0
FOLD 005 STEP[58/47]	TRAIN [#######...] [2/3] 49.6 % TP 0, TN 0, FP 56 , FN 53, MCC : 0
FOLD 005 STEP[1/47]	TRAIN [##########] [3/3] 49.99 % TP 0, TN 0, FP 63 , FN 65, MCC : 0
FOLD 005 STEP[2/47]	TRAIN [##########] [3/3] 49.6 % TP 0, TN 0, FP 72 , FN 56, MCC : 0
FOLD 005 STEP[3/47]	TRAIN [##########] [3/3] 49.730000000000004 % TP 0, TN 1, FP 62 , FN 65, MCC : 0
FOLD 005 STEP[4/47]	TRAIN [##########] [3/3] 49.78 % TP 0, TN 0, FP 62 , FN 66, MCC : 0
FOLD 005 STEP[5/47]	TRAIN [##########] [3/3] 49.8 % TP 0, TN 0, FP 67 , FN 61, MCC : 0
FOLD 005 STEP[6/47]	TRAIN [##########] [3/3] 49.79 % TP 0, TN 0, FP 69 , FN 59, MCC : 0
FOLD 005 STEP[7/47]	TRAIN [##########] [3/3] 49.75 % TP 0, TN 0, FP 58 , FN 70, MCC : 0
FOLD 005 STEP[8/47]	TRAIN [##########] [3/3] 49.76 % TP 0, TN 0, FP 60 , FN 68, MCC : 0
FOLD 005 STEP[9/47]	TRAIN [##########] [3/3] 49.769999999999996 % TP 0, TN 0, FP 68 , FN 60, MCC : 0
FOLD 005 STEP[10/47]	TRAIN [##########] [3/3] 49.74 % TP 0, TN 1, FP 70 , FN 57, MCC : 0
FOLD 005 STEP[11/47]	TRAIN [##########] [3/3] 49.730000000000004 % TP 0, TN 0, FP 69 , FN 59, MCC : 0
FOLD 005 STEP[12/47]	TRAIN [##########] [3/3] 49.74 % TP 0, TN 0, FP 60 , FN 68, MCC : 0
FOLD 005 STEP[13/47]	TRAIN [##########] [3/3] 49.68 % TP 0, TN 0, FP 73 , FN 55, MCC : 0
FOLD 005 STEP[14/47]	TRAIN [##########] [3/3] 49.69 % TP 0, TN 0, FP 68 , FN 60, MCC : 0
FOLD 005 STEP[15/47]	TRAIN [##########] [3/3] 49.68 % TP 0, TN 0, FP 58 , FN 70, MCC : 0
FOLD 005 STEP[16/47]	TRAIN [##########] [3/3] 49.669999999999995 % TP 0, TN 0, FP 57 , FN 71, MCC : 0
FOLD 005 STEP[17/47]	TRAIN [##########] [3/3] 49.68 % TP 0, TN 0, FP 63 , FN 65, MCC : 0
FOLD 005 STEP[18/47]	TRAIN [##########] [3/3] 49.7 % TP 0, TN 1, FP 64 , FN 63, MCC : 0
FOLD 005 STEP[19/47]	TRAIN [##########] [3/3] 49.69 % TP 0, TN 0, FP 58 , FN 70, MCC : 0
FOLD 005 STEP[20/47]	TRAIN [##########] [3/3] 49.68 % TP 0, TN 0, FP 57 , FN 71, MCC : 0
FOLD 005 STEP[21/47]	TRAIN [##########] [3/3] 49.669999999999995 % TP 0, TN 0, FP 58 , FN 70, MCC : 0
FOLD 005 STEP[22/47]	TRAIN [##########] [3/3] 49.68 % TP 0, TN 0, FP 68 , FN 60, MCC : 0
FOLD 005 STEP[23/47]	TRAIN [##########] [3/3] 49.68 % TP 0, TN 1, FP 69 , FN 58, MCC : 0
FOLD 005 STEP[24/47]	TRAIN [##########] [3/3] 49.69 % TP 0, TN 0, FP 63 , FN 65, MCC : 0
FOLD 005 STEP[25/47]	TRAIN [##########] [3/3] 49.7 % TP 0, TN 0, FP 67 , FN 61, MCC : 0
FOLD 005 STEP[26/47]	TRAIN [##########] [3/3] 49.71 % TP 0, TN 0, FP 64 , FN 64, MCC : 0
FOLD 005 STEP[27/47]	TRAIN [##########] [3/3] 49.71 % TP 0, TN 0, FP 68 , FN 60, MCC : 0
FOLD 005 STEP[28/47]	TRAIN [##########] [3/3] 49.72 % TP 0, TN 0, FP 60 , FN 68, MCC : 0
FOLD 005 STEP[29/47]	TRAIN [##########] [3/3] 49.730000000000004 % TP 0, TN 0, FP 65 , FN 63, MCC : 0
FOLD 005 STEP[30/47]	TRAIN [##########] [3/3] 49.74 % TP 0, TN 0, FP 65 , FN 63, MCC : 0
FOLD 005 STEP[31/47]	TRAIN [##########] [3/3] 49.74 % TP 0, TN 0, FP 68 , FN 60, MCC : 0
FOLD 005 STEP[32/47]	TRAIN [##########] [3/3] 49.75 % TP 0, TN 0, FP 65 , FN 63, MCC : 0
FOLD 005 STEP[33/47]	TRAIN [##########] [3/3] 49.74 % TP 0, TN 0, FP 71 , FN 57, MCC : 0
FOLD 005 STEP[34/47]	TRAIN [##########] [3/3] 49.74 % TP 0, TN 0, FP 67 , FN 61, MCC : 0
FOLD 005 STEP[35/47]	TRAIN [##########] [3/3] 49.72 % TP 0, TN 0, FP 73 , FN 55, MCC : 0
FOLD 005 STEP[36/47]	TRAIN [##########] [3/3] 49.730000000000004 % TP 0, TN 0, FP 65 , FN 63, MCC : 0
FOLD 005 STEP[37/47]	TRAIN [##########] [3/3] 49.730000000000004 % TP 0, TN 0, FP 59 , FN 69, MCC : 0
FOLD 005 STEP[38/47]	TRAIN [##########] [3/3] 49.730000000000004 % TP 0, TN 0, FP 67 , FN 61, MCC : 0
FOLD 005 STEP[39/47]	TRAIN [##########] [3/3] 49.730000000000004 % TP 0, TN 1, FP 66 , FN 61, MCC : 0
FOLD 005 STEP[40/47]	TRAIN [##########] [3/3] 49.74 % TP 0, TN 0, FP 62 , FN 66, MCC : 0
FOLD 005 STEP[41/47]	TRAIN [##########] [3/3] 49.71 % TP 0, TN 0, FP 53 , FN 75, MCC : 0
FOLD 005 STEP[42/47]	TRAIN [##########] [3/3] 49.72 % TP 0, TN 0, FP 64 , FN 64, MCC : 0
FOLD 005 STEP[43/47]	TRAIN [##########] [3/3] 49.72 % TP 0, TN 0, FP 62 , FN 66, MCC : 0
FOLD 005 STEP[44/47]	TRAIN [##########] [3/3] 49.730000000000004 % TP 0, TN 1, FP 65 , FN 62, MCC : 0
FOLD 005 STEP[45/47]	TRAIN [##########] [3/3] 49.730000000000004 % TP 0, TN 0, FP 59 , FN 69, MCC : 0
FOLD 005 STEP[46/47]	TRAIN [##########] [3/3] 49.730000000000004 % TP 0, TN 0, FP 68 , FN 60, MCC : 0
FOLD 005 STEP[47/47]	TRAIN [##########] [3/3] 49.730000000000004 % TP 0, TN 0, FP 66 , FN 62, MCC : 0
FOLD 005 STEP[48/47]	TRAIN [##########] [3/3] 49.74 % TP 0, TN 0, FP 62 , FN 66, MCC : 0
FOLD 005 STEP[49/47]	TRAIN [##########] [3/3] 49.74 % TP 0, TN 0, FP 64 , FN 64, MCC : 0
FOLD 005 STEP[50/47]	TRAIN [##########] [3/3] 49.75 % TP 0, TN 1, FP 60 , FN 67, MCC : 0
FOLD 005 STEP[51/47]	TRAIN [##########] [3/3] 49.75 % TP 0, TN 0, FP 62 , FN 66, MCC : 0
FOLD 005 STEP[52/47]	TRAIN [##########] [3/3] 49.76 % TP 0, TN 0, FP 64 , FN 64, MCC : 0
FOLD 005 STEP[53/47]	TRAIN [##########] [3/3] 49.76 % TP 0, TN 0, FP 61 , FN 67, MCC : 0
FOLD 005 STEP[54/47]	TRAIN [##########] [3/3] 49.76 % TP 0, TN 0, FP 66 , FN 62, MCC : 0
FOLD 005 STEP[55/47]	TRAIN [##########] [3/3] 49.76 % TP 0, TN 0, FP 70 , FN 58, MCC : 0
FOLD 005 STEP[56/47]	TRAIN [##########] [3/3] 49.76 % TP 0, TN 0, FP 61 , FN 67, MCC : 0
FOLD 005 STEP[57/47]	TRAIN [##########] [3/3] 49.76 % TP 0, TN 0, FP 67 , FN 61, MCC : 0
FOLD 005 STEP[58/47]	TRAIN [##########] [3/3] 49.76 % TP 0, TN 0, FP 59 , FN 50, MCC : 0
